2022-04-24 01:37:28,721 INFO OMP_Private: Loading data
2022-04-24 01:38:59,837 INFO OMP_Private: sequence length = 35572
2022-04-24 01:38:59,837 INFO OMP_Private: vocabulary size: 225
2022-04-24 01:38:59,837 INFO OMP_Private: Creating Model...
2022-04-24 01:39:06,255 INFO OMP_Private model summary:
2022-04-24 01:39:06,257 INFO None
2022-04-24 01:39:06,257 INFO OMP_Private: Traning Model
2022-04-24 02:06:29,864 INFO OMP_Private: Saved model to disk
2022-04-24 02:06:29,987 INFO OMP_Private: Loaded model from disk
2022-04-24 11:36:53,248 INFO OMP_Private: Loading data
2022-04-24 11:38:21,868 INFO OMP_Private: sequence length = 35572
2022-04-24 11:38:21,868 INFO OMP_Private: vocabulary size: 225
2022-04-24 11:38:33,495 INFO OMP_Private: Loaded model from disk
2022-04-24 11:38:44,429 INFO OMP_Private: EVALUATE: [0.26926952600479126, 0.9306759238243103]
2022-04-24 11:38:44,430 INFO OMP_Private: LEN FILE NAMES: 5769
2022-04-24 11:38:46,771 INFO OMP_Private => Y_PRED: [[1. 0.]
 [1. 0.]
 [0. 1.]
 ...
 [1. 0.]
 [1. 0.]
 [1. 0.]]
2022-04-24 11:38:46,772 INFO OMP_Private: confusion matrix:
2022-04-24 11:38:46,774 INFO [[542  33]
 [ 47 532]]
2022-04-24 11:38:46,775 INFO OMP_Private: precision:
2022-04-24 11:38:46,778 INFO 0.9415929203539823
2022-04-24 11:38:46,778 INFO OMP_Private: recall:
2022-04-24 11:38:46,781 INFO 0.918825561312608
2022-04-24 11:38:46,781 INFO OMP_Private: f1:
2022-04-24 11:38:46,783 INFO 0.9300699300699301
2022-04-24 11:38:46,789 INFO OMP_Private loaded model layers[5] output
2022-04-24 11:38:46,789 INFO KerasTensor(type_spec=TensorSpec(shape=(None, 1, 512), dtype=tf.float32, name=None), name='conv1d_2/Relu:0', description="created by layer 'conv1d_2'")
2022-04-24 11:38:46,981 INFO OMP_Private: y_pred: [[9.9999845e-01 1.5622963e-06]]
2022-04-24 11:38:46,981 INFO OMP_Private: predicted label: 0
2022-04-24 11:38:47,009 INFO OMP_Private: relu_fun (heatmap):
2022-04-24 11:38:47,009 INFO [[0.0, 0.0], [0.0, 0.0], [0.0, 0.0], [0.0, 0.0], [0.0, 0.0], [0.0, 0.0], [0.0, 0.0], [0.0, 0.0], [0.0, 0.0], [0.0, 0.0], [0.0, 0.0], [0.0, 0.0], [0.0, 0.0], [0.0, 0.0], [0.0, 0.0], [0.0, 0.0], [0.0, 0.0], [0.0, 0.0], [0.0, 0.0], [0.0, 0.0], [0.0, 0.0], [0.0, 0.0], [0.0, 0.0], [0.0, 0.0], [0.0, 0.0], [0.0, 0.0], [0.0, 0.0], [0.0, 0.0], [0.0, 0.0], [0.0, 0.0], [0.0, 0.0], [0.0, 0.0], [0.0, 0.0], [0.0, 0.0], [0.0, 0.0], [0.0, 0.0], [0.0, 0.0], [0.0, 0.0], [0.0, 0.0], [0.0, 0.0], [0.0, 0.0], [0.0, 0.0], [0.0, 0.0], [0.0, 0.0], [0.0, 0.0], [0.0, 0.0], [0.0, 0.0], [0.0, 0.0], [0.0, 0.0], [0.0, 0.0], [0.0, 0.0], [0.0, 0.0], [0.0, 0.0], [0.0, 0.0], [0.0, 0.0], [0.0, 0.0], [0.0, 0.0], [0.0, 0.0], [0.0, 0.0], [0.0, 0.0], [0.0, 0.0], [0.0, 0.0], [0.0, 0.0], [0.0, 0.0], [0.0, 0.0], [0.0, 0.0], [0.0, 0.0], [0.0, 0.0], [0.0, 0.0], [0.0, 0.0], [0.0, 0.0], [0.0, 0.0], [0.0, 0.0], [0.0, 0.0], [0.0, 0.0], [0.0, 0.0], [0.0, 0.0], [0.0, 0.0], [0.0, 0.0], [0.0, 0.0], [0.0, 0.0], [0.0, 0.0], [0.0, 0.0], [0.0, 0.0], [0.0, 0.0], [0.0, 0.0], [0.0, 0.0], [0.0, 0.0], [0.0, 0.0], [0.0, 0.0], [0.0, 0.0], [0.0, 0.0], [0.0, 0.0], [0.0, 0.0], [0.0, 0.0], [0.0, 0.0], [0.0, 0.0], [0.0, 0.0], [0.0, 0.0], [0.0, 0.0], [0.0, 0.0], [0.0, 0.0], [0.0, 0.0], [0.0, 0.0], [0.0, 0.0], [0.0, 0.0], [0.0, 0.0], [0.0, 0.0], [0.0, 0.0], [0.0, 0.0], [0.0, 0.0], [0.0, 0.0], [0.0, 0.0], [0.0, 0.0], [0.0, 0.0], [0.0, 0.0], [0.0, 0.0], [0.0, 0.0], [0.0, 0.0], [0.0, 0.0], [0.0, 0.0], [0.0, 0.0], [0.0, 0.0], [0.0, 0.0], [0.0, 0.0], [0.0, 0.0], [0.0, 0.0], [0.0, 0.0], [0.0, 0.0], [0.0, 0.0], [0.0, 0.0], [0.0, 0.0], [0.0, 0.0], [0.0, 0.0], [0.0, 0.0], [0.0, 0.0], [0.0, 0.0], [0.0, 0.0], [0.0, 0.0], [0.0, 0.0], [0.0, 0.0], [0.0, 0.0], [0.0, 0.0], [0.0, 0.0], [0.0, 0.0], [0.0, 0.0], [0.0, 0.0], [0.0, 0.0], [0.0, 0.0], [0.0, 0.0], [0.0, 0.0], [0.0, 0.0], [0.0, 0.0], [0.0, 0.0], [0.0, 0.0], [0.0, 0.0], [0.0, 0.0], [0.0, 0.0], [0.0, 0.0], [0.0, 0.0], [0.0, 0.0], [0.0, 0.0], [0.0, 0.0], [0.0, 0.0], [0.0, 0.0], [0.0, 0.0], [0.0, 0.0], [0.0, 0.0], [0.0, 0.0], [0.0, 0.0], [0.0, 0.0], [0.0, 0.0], [0.0, 0.0], [0.0, 0.0], [0.0, 0.0], [0.0, 0.0], [0.0, 0.0], [0.0, 0.0], [0.0, 0.0], [0.0, 0.0], [0.0, 0.0], [0.0, 0.0], [0.0, 0.0], [0.0, 0.0], [0.0, 0.0], [0.0, 0.0], [0.0, 0.0], [0.0, 0.0], [0.0, 0.0], [0.0, 0.0], [0.0, 0.0], [0.0, 0.0], [0.0, 0.0], [0.0, 0.0], [0.0, 0.0], [0.0, 0.0], [0.0, 0.0], [0.0, 0.0], [0.0, 0.0], [0.0, 0.0], [0.0, 0.0], [0.0, 0.0], [0.0, 0.0], [0.0, 0.0], [0.0, 0.0], [0.0, 0.0], [0.0, 0.0], [0.0, 0.0], [0.0, 0.0], [0.0, 0.0], [0.0, 0.0], [0.0, 0.0], [0.0, 0.0], [0.0, 0.0], [0.0, 0.0], [0.0, 0.0], [0.0, 0.0], [0.0, 0.0], [0.0, 0.0], [0.0, 0.0], [0.0, 0.0], [0.0, 0.0], [0.0, 0.0], [0.0, 0.0], [0.0, 0.0], [0.0, 0.0], [0.0, 0.0], [0.0, 0.0], [0.0, 0.0], [0.0, 0.0], [0.0, 0.0], [0.0, 0.0], [0.0, 0.0], [0.0, 0.0], [0.0, 0.0], [0.0, 0.0], [0.0, 0.0], [0.0, 0.0], [0.0, 0.0], [0.0, 0.0], [0.0, 0.0], [0.0, 0.0], [0.0, 0.0], [0.0, 0.0], [0.0, 0.0], [0.0, 0.0], [0.0, 0.0], [0.0, 0.0], [0.0, 0.0], [0.0, 0.0], [0.0, 0.0], [0.0, 0.0], [0.0, 0.0], [0.0, 0.0], [0.0, 0.0], [0.0, 0.0], [0.0, 0.0], [0.0, 0.0], [0.0, 0.0], [0.0, 0.0], [0.0, 0.0], [0.0, 0.0], [0.0, 0.0], [0.0, 0.0], [0.0, 0.0], [0.0, 0.0], [0.0, 0.0], [0.0, 0.0], [0.0, 0.0], [0.0, 0.0], [0.0, 0.0], [0.0, 0.0], [0.0, 0.0], [0.0, 0.0], [0.0, 0.0], [0.0, 0.0], [0.0, 0.0], [0.0, 0.0], [0.0, 0.0], [0.0, 0.0], [0.0, 0.0], [0.0, 0.0], [0.0, 0.0], [0.0, 0.0], [0.0, 0.0], [0.0, 0.0], [0.0, 0.0], [0.0, 0.0], [0.0, 0.0], [0.0, 0.0], [0.0, 0.0], [0.0, 0.0], [0.0, 0.0], [0.0, 0.0], [0.0, 0.0], [0.0, 0.0], [0.0, 0.0], [0.0, 0.0], [0.0, 0.0], [0.0, 0.0], [0.0, 0.0], [0.0, 0.0], [0.0, 0.0], [0.0, 0.0], [0.0, 0.0], [0.0, 0.0], [0.0, 0.0], [0.0, 0.0], [0.0, 0.0], [0.0, 0.0], [0.0, 0.0], [0.0, 0.0], [0.0, 0.0], [0.0, 0.0], [0.0, 0.0], [0.0, 0.0], [0.0, 0.0], [0.0, 0.0], [0.0, 0.0], [0.0, 0.0], [0.0, 0.0], [0.0, 0.0], [0.0, 0.0], [0.0, 0.0], [0.0, 0.0], [0.0, 0.0], [0.0, 0.0], [0.0, 0.0], [0.0, 0.0], [0.0, 0.0], [0.0, 0.0], [0.0, 0.0], [0.0, 0.0], [0.0, 0.0], [0.0, 0.0], [0.0, 0.0], [0.0, 0.0], [0.0, 0.0], [0.0, 0.0], [0.0, 0.0], [0.0, 0.0], [0.0, 0.0], [0.0, 0.0], [0.0, 0.0], [0.0, 0.0], [0.0, 0.0], [0.0, 0.0], [0.0, 0.0], [0.0, 0.0], [0.0, 0.0], [0.0, 0.0], [0.0, 0.0], [0.0, 0.0], [0.0, 0.0], [0.0, 0.0], [0.0, 0.0], [0.0, 0.0], [0.0, 0.0], [0.0, 0.0], [0.0, 0.0], [0.0, 0.0], [0.0, 0.0], [0.0, 0.0], [0.0, 0.0], [0.0, 0.0], [0.0, 0.0], [0.0, 0.0], [0.0, 0.0], [0.0, 0.0], [0.0, 0.0], [0.0, 0.0], [0.0, 0.0], [0.0, 0.0], [0.0, 0.0], [0.0, 0.0], [0.0, 0.0], [0.0, 0.0], [0.0, 0.0], [0.0, 0.0], [0.0, 0.0], [0.0, 0.0], [0.0, 0.0], [0.0, 0.0], [0.0, 0.0], [0.0, 0.0], [0.0, 0.0], [0.0, 0.0], [0.0, 0.0], [0.0, 0.0], [0.0, 0.0], [0.0, 0.0], [0.0, 0.0], [0.0, 0.0], [0.0, 0.0], [0.0, 0.0], [0.0, 0.0], [0.0, 0.0], [0.0, 0.0], [0.0, 0.0], [0.0, 0.0], [0.0, 0.0], [0.0, 0.0], [0.0, 0.0], [0.0, 0.0], [0.0, 0.0], [0.0, 0.0], [0.0, 0.0], [0.0, 0.0], [0.0, 0.0], [0.0, 0.0], [0.0, 0.0], [0.0, 0.0], [0.0, 0.0], [0.0, 0.0], [0.0, 0.0], [0.0, 0.0], [0.0, 0.0], [0.0, 0.0], [0.0, 0.0], [0.0, 0.0], [0.0, 0.0], [0.0, 0.0], [0.0, 0.0], [0.0, 0.0], [0.0, 0.0], [0.0, 0.0], [0.0, 0.0], [0.0, 0.0], [0.0, 0.0], [0.0, 0.0], [0.0, 0.0], [0.0, 0.0], [0.0, 0.0], [0.0, 0.0], [0.0, 0.0], [0.0, 0.0], [0.0, 0.0], [0.0, 0.0], [0.0, 0.0], [0.0, 0.0], [0.0, 0.0], [0.0, 0.0], [0.0, 0.0], [0.0, 0.0], [0.0, 0.0], [0.0, 0.0], [0.0, 0.0], [0.0, 0.0], [0.0, 0.0], [0.0, 0.0], [0.0, 0.0], [0.0, 0.0], [0.0, 0.0], [0.0, 0.0], [0.0, 0.0], [0.0, 0.0], [0.0, 0.0], [0.0, 0.0], [0.0, 0.0], [0.0, 0.0], [0.0, 0.0], [0.0, 0.0], [0.0, 0.0], [0.0, 0.0], [0.0, 0.0], [0.0, 0.0], [0.0, 0.0], [0.0, 0.0], [0.0, 0.0], [0.0, 0.0], [0.0, 0.0], [0.0, 0.0], [0.0, 0.0], [0.0, 0.0], [0.0, 0.0], [0.0, 0.0], [0.0, 0.0], [0.0, 0.0], [0.0, 0.0], [0.0, 0.0], [0.0, 0.0], [0.0, 0.0], [0.0, 0.0], [0.0, 0.0], [0.0, 0.0], [0.0, 0.0], [0.0, 0.0], [0.0, 0.0], [0.0, 0.0], [0.0, 0.0], [0.0, 0.0], [0.0, 0.0], [0.0, 0.0], [0.0, 0.0], [0.0, 0.0], [0.0, 0.0], [0.0, 0.0], [0.0, 0.0], [0.0, 0.0], [0.0, 0.0]]
2022-04-24 20:31:45,093 INFO OMP_Private: Loading data
2022-04-24 20:33:10,848 INFO OMP_Private: sequence length = 35572
2022-04-24 20:33:10,848 INFO OMP_Private: vocabulary size: 225
2022-04-24 20:33:22,808 INFO OMP_Private: Loaded model from disk
2022-04-24 20:33:33,092 INFO OMP_Private: EVALUATE: [0.32922837138175964, 0.9064124822616577]
2022-04-24 20:33:33,093 INFO OMP_Private: LEN FILE NAMES: 5769
2022-04-24 20:33:35,354 INFO OMP_Private => Y_PRED: [[0. 1.]
 [0. 1.]
 [1. 0.]
 ...
 [0. 1.]
 [0. 1.]
 [0. 1.]]
2022-04-24 20:33:35,355 INFO OMP_Private: confusion matrix:
2022-04-24 20:33:35,356 INFO [[540  35]
 [ 73 506]]
2022-04-24 20:33:35,356 INFO OMP_Private: precision:
2022-04-24 20:33:35,358 INFO 0.9353049907578558
2022-04-24 20:33:35,358 INFO OMP_Private: recall:
2022-04-24 20:33:35,360 INFO 0.8739205526770294
2022-04-24 20:33:35,360 INFO OMP_Private: f1:
2022-04-24 20:33:35,362 INFO 0.9035714285714285
2022-04-24 20:33:35,362 INFO OMP_Private: ACCURACY:
2022-04-24 20:33:35,362 INFO 0.9064124783362218
2022-04-24 20:33:35,366 INFO OMP_Private loaded model layers[5] output
2022-04-24 20:33:35,366 INFO KerasTensor(type_spec=TensorSpec(shape=(None, 1, 512), dtype=tf.float32, name=None), name='conv1d_2/Relu:0', description="created by layer 'conv1d_2'")
2022-04-24 20:33:35,565 INFO OMP_Private: y_pred: [[1.4641901e-04 9.9985361e-01]]
2022-04-24 20:33:35,565 INFO OMP_Private: predicted label: 1
2022-04-24 20:33:35,590 INFO OMP_Private: relu_fun (heatmap):
2022-04-24 20:33:35,591 INFO [[0.0, 0.0], [0.0, 0.0036159930750727654], [0.0, 0.0], [0.0, 0.0013216647785156965], [0.0, 0.0001887466642074287], [0.0, 0.006828483194112778], [0.0, 0.0], [0.0, 0.0031879099551588297], [0.0, 0.005013392772525549], [0.0, 0.0], [0.0, 0.0006358857499435544], [0.0, 0.00163917220197618], [0.0, 0.0], [0.0, 0.0046286205761134624], [0.0, 0.005445829126983881], [0.0, 0.006307727657258511], [0.0, 0.005456825718283653], [0.0, 0.001384603208862245], [0.0, 0.0], [0.0, 0.002435256727039814], [0.0, 0.004373579751700163], [0.0, 0.0005931858904659748], [0.0, 0.001845869468525052], [0.0, 0.0017257049912586808], [0.0, 0.001973847160115838], [0.0, 0.0], [0.0, 0.006298565771430731], [0.0, 0.003711437340825796], [0.0, 0.0029896756168454885], [0.0, 0.003943210002034903], [0.0, 0.004000307526439428], [0.0, 0.0008425968699157238], [0.0, 0.005063206423074007], [0.0, 0.0], [0.0, 0.0], [0.0, 0.002684253267943859], [0.0, 0.0007886962266638875], [0.0, 0.0], [0.0, 0.0], [0.0, 0.004439730197191238], [0.0, 0.0024845011066645384], [0.0, 0.0], [0.0, 0.0], [0.0, 0.00392698310315609], [0.0, 0.0], [0.0, 0.0016313600353896618], [0.0, 0.00294356606900692], [0.0, 0.0051651811227202415], [0.0, 0.0017345045926049352], [0.0, 0.002949187532067299], [0.0, 0.004446080885827541], [0.0, 0.0], [0.0, 0.0], [0.0, 0.0019881681073457003], [0.0, 0.0], [0.0, 0.003764885710552335], [0.0, 0.00014138358528725803], [0.0, 0.0], [0.0, 0.0034795140381902456], [0.0, 0.0], [0.0, 0.0034704627469182014], [0.0, 0.0], [0.0, 0.0], [0.0, 0.0037293252535164356], [0.0, 0.0028060474433004856], [0.0, 0.00035981947439722717], [0.0, 0.0030418583191931248], [0.0, 0.0], [0.0, 0.0], [0.0, 0.003381554502993822], [0.0, 0.0], [0.0, 0.004927367903292179], [0.0, 0.0006408755434677005], [0.0, 0.0], [0.0, 0.0], [0.0, 0.0018213596194982529], [0.0, 0.0035425664391368628], [0.0, 0.0002272322162752971], [0.0, 0.0009614691371098161], [0.0, 0.0012988499365746975], [0.0, 0.0], [0.0, 0.005999525543302298], [0.0, 0.0], [0.0, 0.0016730534844100475], [0.0, 0.0005722838686779141], [0.0, 0.0], [0.0, 0.0025834739208221436], [0.0, 0.0011464274721220136], [0.0, 0.0], [0.0, 0.005629691295325756], [0.0, 0.0], [0.0, 0.0030789547599852085], [0.0, 0.0], [0.0, 0.0], [0.0, 0.0], [0.0, 0.0], [0.0, 0.0], [0.0, 0.0036588632501661777], [0.0, 0.0], [0.0, 0.0], [0.0, 0.0], [0.0, 0.0], [0.0, 0.0023141272831708193], [0.0, 0.0], [0.0, 0.0], [0.0, 0.0], [0.0, 0.0014468489680439234], [0.0, 0.002083080355077982], [0.0, 0.0], [0.0, 0.0], [0.0, 0.005698077380657196], [0.0, 0.002137080766260624], [0.0, 0.00147088966332376], [0.0, 0.003933715168386698], [0.0, 0.0], [0.0, 0.0033849168103188276], [0.0, 0.0], [0.0, 0.0], [0.0, 0.0], [0.0, 0.0016092279693111777], [0.0, 0.0030234819278120995], [0.0, 0.0], [0.0, 0.004637559410184622], [0.0, 0.004707201849669218], [0.0, 0.0020489029120653868], [0.0, 0.0003805691667366773], [0.0, 0.002481900854036212], [0.0, 0.003943192772567272], [0.0, 0.0019084624946117401], [0.0, 0.0], [0.0, 0.0010652418714016676], [0.0, 0.005416604690253735], [0.0, 0.0], [0.0, 0.0], [0.0, 0.0058184838853776455], [0.0, 0.0], [0.0, 0.0], [0.0, 0.0], [0.0, 0.0], [0.0, 0.0030329220462590456], [0.0, 0.004455173388123512], [0.0, 0.004306386224925518], [0.0, 0.0], [0.0, 0.0], [0.0, 0.0], [0.0, 0.0], [0.0, 0.0], [0.0, 0.001348709687590599], [0.0, 0.0006953148986212909], [0.0, 0.00359911541454494], [0.0, 0.0], [0.0, 0.005591354798525572], [0.0, 0.0], [0.0, 0.0046409727074205875], [0.0, 0.0], [0.0, 0.002396973082795739], [0.0, 0.0], [0.0, 0.0], [0.0, 0.0], [0.0, 0.0], [0.0, 0.0], [0.0, 0.0], [0.0, 0.0], [0.0, 0.00459919311106205], [0.0, 0.0010695664677768946], [0.0, 0.0020342848729342222], [0.0, 0.0018364718416705728], [0.0, 0.0004577618383336812], [0.0, 0.0029135881923139095], [0.0, 0.0], [0.0, 0.005347026977688074], [0.0, 0.000583806075155735], [0.0, 0.004269120283424854], [0.0, 0.001524699735455215], [0.0, 0.0], [0.0, 0.0035943305119872093], [0.0, 0.0009106377838179469], [0.0, 0.0007739457068964839], [0.0, 1.5100686141522601e-05], [0.0, 0.0], [0.0, 0.0010688974289223552], [0.0, 0.0], [0.0, 0.003802102990448475], [0.0, 0.004063874017447233], [0.0, 0.00497199734672904], [0.0, 0.0033252809662371874], [0.0, 0.0], [0.0, 0.003017333336174488], [0.0, 0.0], [0.0, 0.0], [0.0, 0.0], [0.0, 0.0], [0.0, 0.0], [0.0, 0.0], [0.0, 0.0], [0.0, 0.0], [0.0, 0.0], [0.0, 0.004562542773783207], [0.0, 0.0], [0.0, 0.00034992556902579963], [0.0, 0.0003678904613479972], [0.0, 0.00379449431784451], [0.0, 0.0002370240108575672], [0.0, 0.002729899948462844], [0.0, 0.0], [0.0, 0.0], [0.0, 0.0], [0.0, 0.005935650318861008], [0.0, 0.0], [0.0, 0.004769118502736092], [0.0, 0.0020749291870743036], [0.0, 0.0], [0.0, 0.0028953503351658583], [0.0, 0.004538928158581257], [0.0, 0.0042058611288666725], [0.0, 0.0], [0.0, 0.0], [0.0, 0.002739489544183016], [0.0, 0.0040728142485022545], [0.0, 0.0], [0.0, 0.0], [0.0, 0.0013467347016558051], [0.0, 0.0], [0.0, 0.0], [0.0, 0.002063957741484046], [0.0, 0.0], [0.0, 0.0015668150736019015], [0.0, 0.0], [0.0, 0.004741312470287085], [0.0, 0.0035481478553265333], [0.0, 0.0030615117866545916], [0.0, 0.00748403137549758], [0.0, 0.005848184693604708], [0.0, 0.0], [0.0, 0.0], [0.0, 0.0], [0.0, 0.0], [0.0, 0.001046823221258819], [0.0, 0.0], [0.0, 0.0], [0.0, 0.0], [0.0, 0.0010602788534015417], [0.0, 0.0022122482769191265], [0.0, 0.0], [0.0, 0.0], [0.0, 0.0025410661473870277], [0.0, 0.004656764678657055], [0.0, 0.002087713684886694], [0.0, 0.00035509196459315717], [0.0, 0.002266660099849105], [0.0, 0.0], [0.0, 0.0], [0.0, 0.0], [0.0, 0.0003388997574802488], [0.0, 0.0014238719595596194], [0.0, 0.0], [0.0, 0.0], [0.0, 0.00030745891854166985], [0.0, 0.0], [0.0, 0.004263059236109257], [0.0, 0.0], [0.0, 0.004231742117553949], [0.0, 0.002281859051436186], [0.0, 0.0], [0.0, 0.0003129566030111164], [0.0, 0.0], [0.0, 0.0], [0.0, 0.005629516672343016], [0.0, 0.001984821632504463], [0.0, 0.006610660348087549], [0.0, 0.0], [0.0, 0.0], [0.0, 0.0], [0.0, 0.0], [0.0, 0.0010789924999698997], [0.0, 0.0], [0.0, 0.0], [0.0, 0.0008978697005659342], [0.0, 0.0], [0.0, 0.0], [0.0, 0.0], [0.0, 0.0030268626287579536], [0.0, 0.0005296088056638837], [0.0, 0.0], [0.0, 0.0031886633951216936], [0.0, 0.0], [0.0, 0.0], [0.0, 0.004774165339767933], [0.0, 0.004901650361716747], [0.0, 0.003168143332004547], [0.0, 0.003433946054428816], [0.0, 0.0022784189786762], [0.0, 0.0], [0.0, 0.0], [0.0, 0.0], [0.0, 0.002710032043978572], [0.0, 0.0034151466097682714], [0.0, 0.0], [0.0, 0.001174412202090025], [0.0, 0.004010080359876156], [0.0, 0.0], [0.0, 0.0], [0.0, 0.0062108575366437435], [0.0, 0.0], [0.0, 0.0022412703838199377], [0.0, 0.00021146023937035352], [0.0, 0.0], [0.0, 0.0030089328065514565], [0.0, 0.0], [0.0, 0.0], [0.0, 0.0009325122809968889], [0.0, 0.002304160501807928], [0.0, 0.0], [0.0, 0.0], [0.0, 0.00239722803235054], [0.0, 0.0], [0.0, 0.0], [0.0, 5.1892777264583856e-05], [0.0, 0.0032368595711886883], [0.0, 0.00018285008263774216], [0.0, 0.0049039763398468494], [0.0, 0.0004354708653409034], [0.0, 0.00024099995789583772], [0.0, 0.0], [0.0, 0.004842003807425499], [0.0, 0.0], [0.0, 0.0], [0.0, 0.0], [0.0, 0.0035042662639170885], [0.0, 0.004738801624625921], [0.0, 0.004532435443252325], [0.0, 0.0066612581722438335], [0.0, 0.0], [0.0, 0.0], [0.0, 0.0], [0.0, 0.0], [0.0, 0.0], [0.0, 0.004249063786119223], [0.0, 0.005448503419756889], [0.0, 0.0], [0.0, 0.00030057207914069295], [0.0, 0.0], [0.0, 0.0009955319110304117], [0.0, 0.0], [0.0, 0.0], [0.0, 0.0024466142058372498], [0.0, 0.005984908901154995], [0.0, 0.0], [0.0, 0.0], [0.0, 0.0], [0.0, 0.0], [0.0, 0.0], [0.0, 0.0], [0.0, 0.0023712122347205877], [0.0, 0.002317071659490466], [0.0, 0.007030677981674671], [0.0, 0.0017050973838195205], [0.0, 0.0005289946566335857], [0.0, 0.002154348883777857], [0.0, 0.0], [0.0, 0.0036006607115268707], [0.0, 0.0], [0.0, 0.006329329218715429], [0.0, 0.0025443953927606344], [0.0, 0.0], [0.0, 0.0], [0.0, 0.001303885830566287], [0.0, 0.0], [0.0, 0.0], [0.0, 0.004495265893638134], [0.0, 0.0], [0.0, 0.0013185380958020687], [0.0, 0.0], [0.0, 0.0], [0.0, 0.0], [0.0, 0.0033539750147610903], [0.0, 0.0], [0.0, 0.0], [0.0, 0.0006132852868176997], [0.0, 0.0], [0.0, 0.0010752860689535737], [0.0, 0.0], [0.0, 0.0], [0.0, 0.0], [0.0, 4.8472913476871327e-05], [0.0, 0.0004207351594232023], [0.0, 0.005158154293894768], [0.0, 0.003364799078553915], [0.0, 0.0018147090449929237], [0.0, 0.0], [0.0, 0.004316042177379131], [0.0, 0.004329998977482319], [0.0, 0.001564047415740788], [0.0, 0.00465654069557786], [0.0, 0.0], [0.0, 0.0], [0.0, 0.0], [0.0, 0.0], [0.0, 0.0], [0.0, 0.0030814888887107372], [0.0, 0.0], [0.0, 0.004774816334247589], [0.0, 0.0], [0.0, 0.003151580924168229], [0.0, 0.0], [0.0, 0.0003153183206450194], [0.0, 0.0020090912003070116], [0.0, 0.0], [0.0, 0.0], [0.0, 0.00245611066929996], [0.0, 0.0], [0.0, 0.002546360483393073], [0.0, 0.0], [0.0, 0.0036320362705737352], [0.0, 0.0], [0.0, 0.0], [0.0, 0.0], [0.0, 0.0], [0.0, 0.0], [0.0, 0.002882356522604823], [0.0, 0.0031979787163436413], [0.0, 0.0], [0.0, 0.004075692035257816], [0.0, 0.004656583070755005], [0.0, 0.0], [0.0, 0.003226529574021697], [0.0, 0.0], [0.0, 0.0008339345804415643], [0.0, 0.0], [0.0, 0.0011703975033015013], [0.0, 0.0], [0.0, 0.00396339176222682], [0.0, 0.0], [0.0, 0.0003797953831963241], [0.0, 0.0031530363485217094], [0.0, 0.0], [0.0, 0.0], [0.0, 0.0], [0.0, 0.005229292903095484], [0.0, 0.00031729807960800827], [0.0, 0.0023933337070047855], [0.0, 0.005488741211593151], [0.0, 0.0], [0.0, 0.0010315057588741183], [0.0, 0.002308762399479747], [0.0, 0.0], [0.0, 0.00014414117322303355], [0.0, 0.0006504110060632229], [0.0, 0.0], [0.0, 0.0], [0.0, 0.0026779957115650177], [0.0, 0.0012047803029417992], [0.0, 0.0], [0.0, 0.004624722525477409], [0.0, 0.0], [0.0, 0.0], [0.0, 0.0], [0.0, 0.0001595952780917287], [0.0, 0.004675628617405891], [0.0, 0.005029733292758465], [0.0, 0.0], [0.0, 0.0], [0.0, 0.00134336668998003], [0.0, 0.0014739895705133677], [0.0, 0.0], [0.0, 0.0], [0.0, 0.0], [0.0, 0.0], [0.0, 0.003096520435065031], [0.0, 0.0009025525068864226], [0.0, 0.0], [0.0, 0.0004398050077725202], [0.0, 0.0], [0.0, 0.0], [0.0, 0.0026601464487612247], [0.0, 0.0], [0.0, 0.0], [0.0, 0.0], [0.0, 0.0], [0.0, 0.0037724848370999098], [0.0, 0.005528174340724945], [0.0, 0.004260231740772724], [0.0, 0.0], [0.0, 0.0], [0.0, 0.004119334276765585], [0.0, 0.0], [0.0, 0.0022644279524683952], [0.0, 0.006436645518988371], [0.0, 0.0], [0.0, 0.0], [0.0, 0.0023737740702927113], [0.0, 0.0], [0.0, 0.0], [0.0, 0.0], [0.0, 0.0], [0.0, 0.0], [0.0, 0.004551120568066835], [0.0, 0.0022961825598031282], [0.0, 0.004378109239041805], [0.0, 0.0]]
2022-04-24 20:36:38,316 INFO OMP_Private: Loading data
2022-04-24 20:38:11,354 INFO OMP_Private: sequence length = 35572
2022-04-24 20:38:11,354 INFO OMP_Private: vocabulary size: 225
2022-04-24 20:38:22,699 INFO OMP_Private: Loaded model from disk
2022-04-24 20:38:32,309 INFO OMP_Private: EVALUATE: [0.31837713718414307, 0.9133448600769043]
2022-04-24 20:38:32,309 INFO OMP_Private: LEN FILE NAMES: 5769
2022-04-24 20:38:34,554 INFO OMP_Private => Y_PRED: [[0. 1.]
 [0. 1.]
 [1. 0.]
 ...
 [0. 1.]
 [1. 0.]
 [1. 0.]]
2022-04-24 20:38:34,555 INFO OMP_Private: confusion matrix:
2022-04-24 20:38:34,556 INFO [[549  40]
 [ 60 505]]
2022-04-24 20:38:34,556 INFO OMP_Private: precision:
2022-04-24 20:38:34,558 INFO 0.926605504587156
2022-04-24 20:38:34,559 INFO OMP_Private: recall:
2022-04-24 20:38:34,560 INFO 0.8938053097345132
2022-04-24 20:38:34,560 INFO OMP_Private: f1:
2022-04-24 20:38:34,562 INFO 0.9099099099099099
2022-04-24 20:38:34,562 INFO OMP_Private: ACCURACY:
2022-04-24 20:38:34,562 INFO 0.9133448873483535
2022-04-24 20:38:34,566 INFO OMP_Private loaded model layers[5] output
2022-04-24 20:38:34,566 INFO KerasTensor(type_spec=TensorSpec(shape=(None, 1, 512), dtype=tf.float32, name=None), name='conv1d_2/Relu:0', description="created by layer 'conv1d_2'")
2022-04-24 20:38:34,674 INFO OMP_Private: y_pred: [[0.61040974 0.3895903 ]]
2022-04-24 20:38:34,674 INFO OMP_Private: predicted label: 0
2022-04-24 20:38:34,707 INFO OMP_Private: relu_fun (heatmap):
2022-04-24 20:38:34,708 INFO [[0.0, 0.0], [0.0, 0.0], [0.0, 0.0], [0.0, 0.0], [0.0, 0.0], [0.0, 0.0], [0.0, 0.0], [0.0, 0.0], [0.0, 0.0], [0.0, 0.0], [0.0, 0.0], [0.0, 0.0], [0.0, 0.0], [0.0, 0.0], [0.0, 0.0], [0.0, 0.0], [0.0, 0.0], [0.0, 0.0], [0.0, 0.0], [0.0, 0.0], [0.0, 0.0], [0.0, 0.0], [0.0, 0.0], [0.0, 0.0], [0.0, 0.0], [0.0, 0.0], [0.0, 0.0], [0.0, 0.0], [0.0, 0.0], [0.0, 0.0], [0.0, 0.0], [0.0, 0.0], [0.0, 0.0], [0.0, 0.0], [0.0, 0.0], [0.0, 0.0], [0.0, 0.0], [0.0, 0.0], [0.0, 0.0], [0.0, 0.0], [0.0, 0.0], [0.0, 0.0], [0.0, 0.0], [0.0, 0.0], [0.0, 0.0], [0.0, 0.0], [0.0, 0.0], [0.0, 0.0], [0.0, 0.0], [0.0, 0.0], [0.0, 0.0], [0.0, 0.0], [0.0, 0.0], [0.0, 0.0], [0.0, 0.0], [0.0, 0.0], [0.0, 0.0], [0.0, 0.0], [0.0, 0.0], [0.0, 0.0], [0.0, 0.0], [0.0, 0.0], [0.0, 0.0], [0.0, 0.0], [0.0, 0.0], [0.0, 0.0], [0.0, 0.0], [0.0, 0.0], [0.0, 0.0], [0.0, 0.0], [0.0, 0.0], [0.0, 0.0], [0.0, 0.0], [0.0, 0.0], [0.0, 0.0], [0.0, 0.0], [0.0, 0.0], [0.0, 0.0], [0.0, 0.0], [0.0, 0.0], [0.0, 0.0], [0.0, 0.0], [0.0, 0.0], [0.0, 0.0], [0.0, 0.0], [0.0, 0.0], [0.0, 0.0], [0.0, 0.0], [0.0, 0.0], [0.0, 0.0], [0.0, 0.0], [0.0, 0.0], [0.0, 0.0], [0.0, 0.0], [0.0, 0.0], [0.0, 0.0], [0.0, 0.0], [0.0, 0.0], [0.0, 0.0], [0.0, 0.0], [0.0, 0.0], [0.0, 0.0], [0.0, 0.0], [0.0, 0.0], [0.0, 0.0], [0.0, 0.0], [0.0, 0.0], [0.0, 0.0], [0.0, 0.0], [0.0, 0.0], [0.0, 0.0], [0.0, 0.0], [0.0, 0.0], [0.0, 0.0], [0.0, 0.0], [0.0, 0.0], [0.0, 0.0], [0.0, 0.0], [0.0, 0.0], [0.0, 0.0], [0.0, 0.0], [0.0, 0.0], [0.0, 0.0], [0.0, 0.0], [0.0, 0.0], [0.0, 0.0], [0.0, 0.0], [0.0, 0.0], [0.0, 0.0], [0.0, 0.0], [0.0, 0.0], [0.0, 0.0], [0.0, 0.0], [0.0, 0.0], [0.0, 0.0], [0.0, 0.0], [0.0, 0.0], [0.0, 0.0], [0.0, 0.0], [0.0, 0.0], [0.0, 0.0], [0.0, 0.0], [0.0, 0.0], [0.0, 0.0], [0.0, 0.0], [0.0, 0.0], [0.0, 0.0], [0.0, 0.0], [0.0, 0.0], [0.0, 0.0], [0.0, 0.0], [0.0, 0.0], [0.0, 0.0], [0.0, 0.0], [0.0, 0.0], [0.0, 0.0], [0.0, 0.0], [0.0, 0.0], [0.0, 0.0], [0.0, 0.0], [0.0, 0.0], [0.0, 0.0], [0.0, 0.0], [0.0, 0.0], [0.0, 0.0], [0.0, 0.0], [0.0, 0.0], [0.0, 0.0], [0.0, 0.0], [0.0, 0.0], [0.0, 0.0], [0.0, 0.0], [0.0, 0.0], [0.0, 0.0], [0.0, 0.0], [0.0, 0.0], [0.0, 0.0], [0.0, 0.0], [0.0, 0.0], [0.0, 0.0], [0.0, 0.0], [0.0, 0.0], [0.0, 0.0], [0.0, 0.0], [0.0, 0.0], [0.0, 0.0], [0.0, 0.0], [0.0, 0.0], [0.0, 0.0], [0.0, 0.0], [0.0, 0.0], [0.0, 0.0], [0.0, 0.0], [0.0, 0.0], [0.0, 0.0], [0.0, 0.0], [0.0, 0.0], [0.0, 0.0], [0.0, 0.0], [0.0, 0.0], [0.0, 0.0], [0.0, 0.0], [0.0, 0.0], [0.0, 0.0], [0.0, 0.0], [0.0, 0.0], [0.0, 0.0], [0.0, 0.0], [0.0, 0.0], [0.0, 0.0], [0.0, 0.0], [0.0, 0.0], [0.0, 0.0], [0.0, 0.0], [0.0, 0.0], [0.0, 0.0], [0.0, 0.0], [0.0, 0.0], [0.0, 0.0], [0.0, 0.0], [0.0, 0.0], [0.0, 0.0], [0.0, 0.0], [0.0, 0.0], [0.0, 0.0], [0.0, 0.0], [0.0, 0.0], [0.0, 0.0], [0.0, 0.0], [0.0, 0.0], [0.0, 0.0], [0.0, 0.0], [0.0, 0.0], [0.0, 0.0], [0.0, 0.0], [0.0, 0.0], [0.0, 0.0], [0.0, 0.0], [0.0, 0.0], [0.0, 0.0], [0.0, 0.0], [0.0, 0.0], [0.0, 0.0], [0.0, 0.0], [0.0, 0.0], [0.0, 0.0], [0.0, 0.0], [0.0, 0.0], [0.0, 0.0], [0.0, 0.0], [0.0, 0.0], [0.0, 0.0], [0.0, 0.0], [0.0, 0.0], [0.0, 0.0], [0.0, 0.0], [0.0, 0.0], [0.0, 0.0], [0.0, 0.0], [0.0, 0.0], [0.0, 0.0], [0.0, 0.0], [0.0, 0.0], [0.0, 0.0], [0.0, 0.0], [0.0, 0.0], [0.0, 0.0], [0.0, 0.0], [0.0, 0.0], [0.0, 0.0], [0.0, 0.0], [0.0, 0.0], [0.0, 0.0], [0.0, 0.0], [0.0, 0.0], [0.0, 0.0], [0.0, 0.0], [0.0, 0.0], [0.0, 0.0], [0.0, 0.0], [0.0, 0.0], [0.0, 0.0], [0.0, 0.0], [0.0, 0.0], [0.0, 0.0], [0.0, 0.0], [0.0, 0.0], [0.0, 0.0], [0.0, 0.0], [0.0, 0.0], [0.0, 0.0], [0.0, 0.0], [0.0, 0.0], [0.0, 0.0], [0.0, 0.0], [0.0, 0.0], [0.0, 0.0], [0.0, 0.0], [0.0, 0.0], [0.0, 0.0], [0.0, 0.0], [0.0, 0.0], [0.0, 0.0], [0.0, 0.0], [0.0, 0.0], [0.0, 0.0], [0.0, 0.0], [0.0, 0.0], [0.0, 0.0], [0.0, 0.0], [0.0, 0.0], [0.0, 0.0], [0.0, 0.0], [0.0, 0.0], [0.0, 0.0], [0.0, 0.0], [0.0, 0.0], [0.0, 0.0], [0.0, 0.0], [0.0, 0.0], [0.0, 0.0], [0.0, 0.0], [0.0, 0.0], [0.0, 0.0], [0.0, 0.0], [0.0, 0.0], [0.0, 0.0], [0.0, 0.0], [0.0, 0.0], [0.0, 0.0], [0.0, 0.0], [0.0, 0.0], [0.0, 0.0], [0.0, 0.0], [0.0, 0.0], [0.0, 0.0], [0.0, 0.0], [0.0, 0.0], [0.0, 0.0], [0.0, 0.0], [0.0, 0.0], [0.0, 0.0], [0.0, 0.0], [0.0, 0.0], [0.0, 0.0], [0.0, 0.0], [0.0, 0.0], [0.0, 0.0], [0.0, 0.0], [0.0, 0.0], [0.0, 0.0], [0.0, 0.0], [0.0, 0.0], [0.0, 0.0], [0.0, 0.0], [0.0, 0.0], [0.0, 0.0], [0.0, 0.0], [0.0, 0.0], [0.0, 0.0], [0.0, 0.0], [0.0, 0.0], [0.0, 0.0], [0.0, 0.0], [0.0, 0.0], [0.0, 0.0], [0.0, 0.0], [0.0, 0.0], [0.0, 0.0], [0.0, 0.0], [0.0, 0.0], [0.0, 0.0], [0.0, 0.0], [0.0, 0.0], [0.0, 0.0], [0.0, 0.0], [0.0, 0.0], [0.0, 0.0], [0.0, 0.0], [0.0, 0.0], [0.0, 0.0], [0.0, 0.0], [0.0, 0.0], [0.0, 0.0], [0.0, 0.0], [0.0, 0.0], [0.0, 0.0], [0.0, 0.0], [0.0, 0.0], [0.0, 0.0], [0.0, 0.0], [0.0, 0.0], [0.0, 0.0], [0.0, 0.0], [0.0, 0.0], [0.0, 0.0], [0.0, 0.0], [0.0, 0.0], [0.0, 0.0], [0.0, 0.0], [0.0, 0.0], [0.0, 0.0], [0.0, 0.0], [0.0, 0.0], [0.0, 0.0], [0.0, 0.0], [0.0, 0.0], [0.0, 0.0], [0.0, 0.0], [0.0, 0.0], [0.0, 0.0], [0.0, 0.0], [0.0, 0.0], [0.0, 0.0], [0.0, 0.0], [0.0, 0.0], [0.0, 0.0], [0.0, 0.0], [0.0, 0.0], [0.0, 0.0], [0.0, 0.0], [0.0, 0.0], [0.0, 0.0], [0.0, 0.0], [0.0, 0.0], [0.0, 0.0], [0.0, 0.0], [0.0, 0.0], [0.0, 0.0], [0.0, 0.0], [0.0, 0.0], [0.0, 0.0], [0.0, 0.0], [0.0, 0.0], [0.0, 0.0], [0.0, 0.0], [0.0, 0.0], [0.0, 0.0], [0.0, 0.0], [0.0, 0.0], [0.0, 0.0], [0.0, 0.0], [0.0, 0.0], [0.0, 0.0], [0.0, 0.0], [0.0, 0.0], [0.0, 0.0], [0.0, 0.0], [0.0, 0.0], [0.0, 0.0], [0.0, 0.0], [0.0, 0.0], [0.0, 0.0], [0.0, 0.0], [0.0, 0.0], [0.0, 0.0], [0.0, 0.0], [0.0, 0.0], [0.0, 0.0], [0.0, 0.0], [0.0, 0.0], [0.0, 0.0], [0.0, 0.0], [0.0, 0.0], [0.0, 0.0], [0.0, 0.0], [0.0, 0.0], [0.0, 0.0], [0.0, 0.0], [0.0, 0.0], [0.0, 0.0], [0.0, 0.0], [0.0, 0.0], [0.0, 0.0], [0.0, 0.0], [0.0, 0.0], [0.0, 0.0], [0.0, 0.0], [0.0, 0.0], [0.0, 0.0], [0.0, 0.0], [0.0, 0.0], [0.0, 0.0], [0.0, 0.0], [0.0, 0.0], [0.0, 0.0], [0.0, 0.0], [0.0, 0.0], [0.0, 0.0], [0.0, 0.0], [0.0, 0.0], [0.0, 0.0], [0.0, 0.0], [0.0, 0.0], [0.0, 0.0], [0.0, 0.0], [0.0, 0.0], [0.0, 0.0], [0.0, 0.0], [0.0, 0.0]]
