2022-04-23 14:55:21,722 INFO Loading data from OMP_Critical
2022-04-23 14:55:30,250 INFO sequence length = 10583
2022-04-23 14:55:38,912 INFO OMP_Critical: Loaded model from disk
2022-04-23 15:04:22,248 INFO Loading data from OMP_Critical
2022-04-23 15:04:31,078 INFO sequence length = 10583
2022-04-23 15:04:39,212 INFO OMP_Critical: Loaded model from disk
2022-04-23 15:26:44,434 INFO Loading data from OMP_Critical
2022-04-23 15:26:52,417 INFO sequence length = 10583
2022-04-23 15:26:52,418 INFO Creating Model...
2022-04-23 15:26:59,785 INFO OMP_Critical model summary:
2022-04-23 15:26:59,788 INFO None
2022-04-23 15:26:59,788 INFO OMP_Critical: Traning Model
2022-04-23 15:27:22,489 INFO Loading data from OMP_Critical
2022-04-23 15:27:30,738 INFO sequence length = 10583
2022-04-23 15:27:30,738 INFO Creating Model...
2022-04-23 15:27:38,390 INFO OMP_Critical model summary:
2022-04-23 15:27:38,392 INFO None
2022-04-23 15:27:38,392 INFO OMP_Critical: Traning Model
2022-04-23 15:29:42,344 INFO OMP_Critical: Saved model to disk
2022-04-23 15:29:44,080 INFO OMP_Critical: Loaded model from disk
2022-04-23 15:52:42,316 INFO Loading data from OMP_Critical
2022-04-23 15:52:50,887 INFO sequence length = 10583
2022-04-23 15:52:50,888 INFO Creating Model...
2022-04-23 15:52:58,967 INFO OMP_Critical model summary:
2022-04-23 15:52:58,970 INFO None
2022-04-23 15:52:58,970 INFO OMP_Critical: Traning Model
2022-04-23 15:54:59,949 INFO OMP_Critical: Saved model to disk
2022-04-23 15:55:01,608 INFO OMP_Critical: Loaded model from disk
2022-04-23 16:21:29,484 INFO Loading data from OMP_Critical
2022-04-23 16:21:37,560 INFO sequence length = 10583
2022-04-23 16:21:37,560 INFO Creating Model...
2022-04-23 16:21:45,108 INFO OMP_Critical model summary:
2022-04-23 16:21:45,110 INFO None
2022-04-23 16:21:45,110 INFO OMP_Critical: Traning Model
2022-04-23 16:23:46,173 INFO OMP_Critical: Saved model to disk
2022-04-23 16:23:47,874 INFO OMP_Critical: Loaded model from disk
2022-04-23 22:24:17,971 INFO Loading data from OMP_Critical
2022-04-23 22:24:26,642 INFO sequence length = 10583
2022-04-23 22:24:34,994 INFO OMP_Critical: Loaded model from disk
2022-04-23 22:51:23,833 INFO Loading data from OMP_Critical
2022-04-23 22:51:32,568 INFO sequence length = 10583
2022-04-23 22:51:40,571 INFO OMP_Critical: Loaded model from disk
2022-04-23 22:51:46,127 INFO Loading data from OMP_Critical
2022-04-23 22:51:54,436 INFO sequence length = 10583
2022-04-23 22:52:02,905 INFO OMP_Critical: Loaded model from disk
2022-04-23 23:49:24,497 INFO Loading data from OMP_Critical
2022-04-23 23:49:32,630 INFO OMP_Critical: sequence length = 10583
2022-04-23 23:49:40,946 INFO OMP_Critical: Loaded model from disk
2022-04-23 23:52:43,266 INFO Loading data from OMP_Critical
2022-04-23 23:52:51,287 INFO OMP_Critical: sequence length = 10583
2022-04-23 23:52:51,287 INFO Creating Model...
2022-04-23 23:52:58,897 INFO OMP_Critical model summary:
2022-04-23 23:52:58,899 INFO None
2022-04-23 23:52:58,899 INFO OMP_Critical: Traning Model
2022-04-23 23:55:01,923 INFO OMP_Critical: Saved model to disk
2022-04-23 23:55:03,547 INFO OMP_Critical: Loaded model from disk
2022-04-23 23:55:15,856 INFO Loading data from OMP_Critical
2022-04-23 23:55:23,860 INFO OMP_Critical: sequence length = 10583
2022-04-23 23:55:23,860 INFO Creating Model...
2022-04-23 23:55:31,895 INFO OMP_Critical model summary:
2022-04-23 23:55:31,897 INFO None
2022-04-23 23:55:31,897 INFO OMP_Critical: Traning Model
2022-04-23 23:57:35,357 INFO OMP_Critical: Saved model to disk
2022-04-23 23:57:37,027 INFO OMP_Critical: Loaded model from disk
2022-04-23 23:57:46,584 INFO Loading data from OMP_Critical
2022-04-23 23:57:55,109 INFO OMP_Critical: sequence length = 10583
2022-04-23 23:57:55,109 INFO Creating Model...
2022-04-23 23:58:02,444 INFO OMP_Critical model summary:
2022-04-23 23:58:02,447 INFO None
2022-04-23 23:58:02,447 INFO OMP_Critical: Traning Model
2022-04-23 23:59:57,646 INFO OMP_Critical: Saved model to disk
2022-04-23 23:59:59,297 INFO OMP_Critical: Loaded model from disk
2022-04-24 00:07:38,591 INFO Loading data from OMP_Critical
2022-04-24 00:07:46,694 INFO OMP_Critical: sequence length = 10583
2022-04-24 00:07:46,694 INFO Creating Model...
2022-04-24 00:07:54,394 INFO OMP_Critical model summary:
2022-04-24 00:07:54,397 INFO None
2022-04-24 00:07:54,397 INFO OMP_Critical: Traning Model
2022-04-24 00:09:49,969 INFO OMP_Critical: Saved model to disk
2022-04-24 00:10:34,936 INFO Loading data from OMP_Critical
2022-04-24 00:10:43,328 INFO OMP_Critical: sequence length = 10583
2022-04-24 00:10:43,328 INFO Creating Model...
2022-04-24 00:10:50,736 INFO OMP_Critical model summary:
2022-04-24 00:10:50,737 INFO None
2022-04-24 00:10:50,738 INFO OMP_Critical: Traning Model
2022-04-24 00:12:49,766 INFO OMP_Critical: Saved model to disk
2022-04-24 00:13:12,145 INFO Loading data from OMP_Critical
2022-04-24 00:13:20,866 INFO OMP_Critical: sequence length = 10583
2022-04-24 00:13:20,867 INFO Creating Model...
2022-04-24 00:13:27,805 INFO OMP_Critical model summary:
2022-04-24 00:13:27,807 INFO None
2022-04-24 00:13:27,807 INFO OMP_Critical: Traning Model
2022-04-24 00:15:25,404 INFO OMP_Critical: Saved model to disk
2022-04-24 00:15:35,287 INFO Loading data from OMP_Critical
2022-04-24 00:15:43,465 INFO OMP_Critical: sequence length = 10583
2022-04-24 00:15:43,466 INFO Creating Model...
2022-04-24 00:15:50,625 INFO OMP_Critical model summary:
2022-04-24 00:15:50,626 INFO None
2022-04-24 00:15:50,627 INFO OMP_Critical: Traning Model
2022-04-24 00:17:43,509 INFO OMP_Critical: Saved model to disk
2022-04-24 00:17:44,071 INFO OMP_Critical: Loaded model from disk
2022-04-24 00:17:45,966 INFO OMP_Critical: EVALUATE: [0.6421104669570923, 0.8488063812255859]
2022-04-24 00:17:45,967 INFO OMP_Critical: LEN FILE NAMES: 1884
2022-04-24 00:17:46,807 INFO OMP_Critical => Y_PRED: [[6.39229984e-06 9.99993563e-01]
 [3.50980647e-02 9.64901865e-01]
 [9.47256505e-01 5.27435094e-02]
 [1.08235013e-02 9.89176452e-01]
 [8.38519514e-01 1.61480471e-01]
 [8.99615228e-01 1.00384720e-01]
 [1.12141475e-01 8.87858510e-01]
 [1.04973605e-02 9.89502668e-01]
 [9.99823749e-01 1.76230853e-04]
 [9.99948263e-01 5.17165790e-05]
 [9.99668479e-01 3.31547199e-04]
 [2.38748529e-04 9.99761283e-01]
 [4.90773376e-03 9.95092273e-01]
 [9.98671770e-01 1.32819870e-03]
 [9.68312681e-01 3.16873081e-02]
 [4.62597515e-03 9.95374024e-01]
 [3.75237869e-04 9.99624729e-01]
 [1.27789535e-05 9.99987245e-01]
 [9.85785186e-01 1.42147802e-02]
 [8.81939828e-01 1.18060179e-01]
 [9.84105885e-01 1.58941243e-02]
 [7.92761054e-03 9.92072403e-01]
 [9.15837765e-01 8.41622427e-02]
 [9.99614477e-01 3.85487307e-04]
 [9.96545613e-01 3.45443445e-03]
 [9.99978662e-01 2.13006606e-05]
 [9.99774873e-01 2.25103839e-04]
 [9.99930978e-01 6.90187517e-05]
 [4.41544034e-06 9.99995589e-01]
 [9.99111950e-01 8.88029113e-04]
 [9.99903798e-01 9.62521881e-05]
 [9.99698639e-01 3.01436870e-04]
 [2.28228569e-01 7.71771431e-01]
 [8.22558522e-01 1.77441493e-01]
 [1.19049719e-03 9.98809457e-01]
 [6.00076437e-01 3.99923533e-01]
 [9.19463928e-04 9.99080539e-01]
 [9.99916434e-01 8.35344254e-05]
 [9.94692028e-01 5.30797662e-03]
 [9.99762714e-01 2.37299741e-04]
 [9.99285877e-01 7.14119873e-04]
 [9.58183825e-01 4.18161377e-02]
 [9.98547852e-01 1.45213527e-03]
 [8.15498861e-05 9.99918461e-01]
 [1.13118360e-04 9.99886870e-01]
 [9.99094486e-01 9.05527209e-04]
 [2.62788206e-04 9.99737203e-01]
 [7.06372917e-01 2.93627053e-01]
 [9.99977708e-01 2.23148363e-05]
 [9.99932885e-01 6.71359594e-05]
 [9.99951124e-01 4.88423175e-05]
 [9.99764740e-01 2.35270825e-04]
 [1.17198178e-04 9.99882817e-01]
 [9.19463928e-04 9.99080539e-01]
 [4.17733341e-01 5.82266629e-01]
 [9.99961972e-01 3.80101628e-05]
 [3.43821654e-07 9.99999642e-01]
 [9.99864340e-01 1.35652517e-04]
 [9.99899268e-01 1.00699406e-04]
 [9.99965549e-01 3.44710170e-05]
 [3.48871851e-07 9.99999642e-01]
 [9.93822098e-01 6.17788872e-03]
 [9.99981165e-01 1.88665836e-05]
 [9.99990940e-01 9.00697523e-06]
 [9.99976397e-01 2.36157739e-05]
 [9.92553532e-01 7.44644832e-03]
 [9.99561250e-01 4.38731135e-04]
 [9.99873638e-01 1.26313796e-04]
 [9.47814042e-05 9.99905229e-01]
 [6.43728487e-03 9.93562698e-01]
 [9.99926329e-01 7.37138398e-05]
 [1.40048869e-05 9.99986053e-01]
 [1.13024027e-04 9.99886990e-01]
 [1.75824280e-05 9.99982476e-01]
 [8.53089336e-03 9.91469085e-01]
 [9.99384403e-01 6.15569821e-04]
 [7.42721953e-04 9.99257267e-01]
 [1.51103700e-06 9.99998450e-01]
 [8.66482593e-03 9.91335213e-01]
 [2.58845626e-04 9.99741137e-01]
 [9.99789536e-01 2.10493134e-04]
 [9.99311924e-01 6.88023516e-04]
 [9.69884515e-01 3.01155169e-02]
 [8.92318606e-01 1.07681349e-01]
 [9.98615503e-01 1.38451182e-03]
 [1.19663826e-04 9.99880314e-01]
 [4.52079296e-01 5.47920704e-01]
 [4.96944849e-05 9.99950290e-01]
 [1.60190603e-03 9.98398125e-01]
 [9.99426723e-01 5.73295751e-04]
 [9.99730527e-01 2.69442680e-04]
 [9.99323964e-01 6.76011608e-04]
 [9.99579012e-01 4.21043369e-04]
 [8.27270925e-01 1.72729135e-01]
 [9.97644722e-01 2.35526869e-03]
 [9.99596655e-01 4.03406593e-04]
 [4.19700285e-04 9.99580324e-01]
 [9.22170526e-04 9.99077797e-01]
 [3.01416847e-03 9.96985853e-01]
 [9.95906830e-01 4.09315946e-03]
 [9.99965668e-01 3.42717576e-05]
 [7.74437422e-03 9.92255569e-01]
 [4.33703624e-02 9.56629634e-01]
 [9.99942422e-01 5.76055463e-05]
 [2.87985837e-04 9.99712050e-01]
 [1.55844773e-05 9.99984384e-01]
 [9.98625875e-01 1.37412315e-03]
 [9.99632835e-01 3.67139350e-04]
 [9.99892950e-01 1.07048727e-04]
 [1.04997359e-01 8.95002604e-01]
 [1.83992361e-05 9.99981642e-01]
 [9.99884129e-01 1.15891606e-04]
 [9.99956846e-01 4.31079206e-05]
 [2.92258114e-01 7.07741857e-01]
 [3.07117698e-05 9.99969244e-01]
 [9.98623013e-01 1.37699139e-03]
 [9.99519110e-01 4.80870774e-04]
 [7.29292733e-05 9.99927044e-01]
 [4.04873118e-03 9.95951295e-01]
 [3.78251374e-02 9.62174833e-01]
 [3.67458451e-05 9.99963284e-01]
 [2.98599154e-03 9.97014046e-01]
 [9.87446070e-01 1.25539973e-02]
 [9.99818146e-01 1.81926516e-04]
 [9.68133092e-01 3.18669006e-02]
 [9.74287331e-01 2.57126484e-02]
 [4.60182406e-07 9.99999523e-01]
 [1.34505832e-03 9.98654962e-01]
 [9.83478546e-01 1.65213887e-02]
 [1.59671187e-01 8.40328753e-01]
 [1.45399699e-03 9.98546004e-01]
 [9.99811113e-01 1.88864607e-04]
 [9.03243927e-05 9.99909639e-01]
 [5.37191867e-04 9.99462783e-01]
 [8.42883050e-01 1.57116950e-01]
 [2.04853527e-03 9.97951448e-01]
 [9.99165535e-01 8.34480161e-04]
 [9.95706499e-01 4.29350883e-03]
 [9.99805391e-01 1.94643435e-04]
 [2.82539361e-07 9.99999762e-01]
 [9.98758197e-01 1.24183111e-03]
 [9.99940634e-01 5.94049670e-05]
 [9.99333560e-01 6.66397391e-04]
 [1.55075645e-06 9.99998450e-01]
 [7.07849860e-01 2.92150080e-01]
 [3.38646591e-01 6.61353409e-01]
 [3.35532725e-02 9.66446757e-01]
 [8.99657095e-07 9.99999046e-01]
 [9.99565899e-01 4.34090151e-04]
 [2.48690369e-04 9.99751270e-01]
 [6.65921330e-01 3.34078670e-01]
 [2.64057826e-06 9.99997377e-01]
 [9.98581767e-01 1.41821743e-03]
 [2.47356402e-05 9.99975204e-01]
 [9.69606519e-01 3.03934384e-02]
 [9.99458015e-01 5.41974907e-04]
 [9.99940276e-01 5.97488579e-05]
 [7.36734211e-01 2.63265818e-01]
 [9.98139024e-01 1.86100532e-03]
 [4.68442245e-08 1.00000000e+00]
 [4.89901926e-04 9.99510050e-01]
 [6.50874863e-04 9.99349177e-01]
 [8.07149801e-04 9.99192894e-01]
 [9.95335519e-01 4.66445414e-03]
 [1.33483758e-04 9.99866486e-01]
 [9.96737301e-01 3.26269143e-03]
 [9.93426561e-01 6.57344423e-03]
 [9.99654770e-01 3.45173525e-04]
 [9.99621272e-01 3.78679950e-04]
 [5.29773861e-05 9.99947071e-01]
 [9.86035913e-03 9.90139663e-01]
 [9.98476148e-02 9.00152326e-01]
 [5.54940598e-05 9.99944448e-01]
 [1.56309034e-04 9.99843717e-01]
 [9.99953985e-01 4.60606680e-05]
 [1.21593510e-03 9.98784125e-01]
 [9.99970675e-01 2.93621815e-05]
 [9.99892235e-01 1.07760221e-04]
 [9.99631643e-01 3.68322158e-04]
 [2.38154280e-06 9.99997616e-01]
 [1.23017957e-03 9.98769820e-01]
 [9.99894261e-01 1.05731000e-04]
 [2.87043676e-03 9.97129619e-01]
 [2.75959261e-03 9.97240424e-01]
 [3.96741837e-01 6.03258193e-01]
 [2.26594610e-04 9.99773443e-01]
 [9.96825576e-01 3.17439926e-03]
 [3.48745346e-01 6.51254654e-01]
 [1.32861885e-03 9.98671412e-01]
 [7.64134005e-02 9.23586547e-01]
 [9.99873996e-01 1.25999708e-04]
 [9.17872131e-01 8.21278915e-02]
 [6.23419737e-06 9.99993801e-01]
 [6.87044561e-01 3.12955469e-01]
 [9.97765303e-01 2.23464728e-03]
 [3.14766876e-05 9.99968529e-01]
 [8.87037396e-01 1.12962551e-01]
 [8.01774114e-03 9.91982281e-01]
 [9.99935389e-01 6.46156186e-05]
 [9.99020815e-01 9.79208038e-04]
 [9.99957442e-01 4.25313847e-05]
 [2.41431016e-02 9.75856841e-01]
 [5.56348496e-05 9.99944329e-01]
 [4.41926977e-06 9.99995589e-01]
 [5.47822972e-04 9.99452174e-01]
 [9.98777926e-01 1.22202316e-03]
 [5.78794740e-02 9.42120492e-01]
 [8.09621334e-01 1.90378651e-01]
 [7.13537229e-05 9.99928594e-01]
 [9.09794867e-01 9.02051628e-02]
 [9.99838352e-01 1.61579985e-04]
 [9.72089693e-02 9.02791023e-01]
 [9.97166455e-01 2.83352495e-03]
 [6.99289594e-05 9.99930024e-01]
 [9.99777257e-01 2.22807124e-04]
 [3.59927355e-07 9.99999642e-01]
 [9.47111616e-08 9.99999881e-01]
 [9.11999226e-01 8.80008116e-02]
 [8.83534729e-01 1.16465285e-01]
 [9.99982357e-01 1.76204940e-05]
 [9.91829089e-04 9.99008238e-01]
 [9.83467162e-01 1.65328588e-02]
 [1.66800348e-07 9.99999881e-01]
 [7.87464087e-04 9.99212503e-01]
 [9.80108917e-01 1.98911000e-02]
 [4.86165391e-06 9.99995112e-01]
 [5.82865834e-01 4.17134166e-01]
 [2.83439334e-08 1.00000000e+00]
 [9.99942660e-01 5.73622128e-05]
 [9.71033296e-04 9.99028921e-01]
 [1.69204921e-01 8.30795109e-01]
 [1.48450676e-02 9.85154927e-01]
 [2.79085785e-02 9.72091377e-01]
 [9.99568999e-01 4.30972839e-04]
 [3.48676562e-01 6.51323438e-01]
 [8.98386955e-01 1.01613030e-01]
 [1.57273412e-01 8.42726529e-01]
 [9.94380414e-01 5.61963161e-03]
 [1.68357715e-02 9.83164251e-01]
 [9.99460876e-01 5.39162196e-04]
 [6.97029056e-04 9.99302983e-01]
 [9.99073625e-01 9.26313747e-04]
 [7.58179603e-03 9.92418170e-01]
 [1.38220066e-05 9.99986172e-01]
 [2.46907322e-04 9.99753058e-01]
 [9.99868631e-01 1.31333261e-04]
 [9.99879241e-01 1.20685538e-04]
 [9.99542117e-01 4.57918795e-04]
 [9.99635935e-01 3.63998930e-04]
 [9.99676347e-01 3.23703338e-04]
 [9.97565866e-01 2.43412494e-03]
 [9.82477795e-04 9.99017477e-01]
 [7.34456405e-02 9.26554322e-01]
 [8.45308840e-01 1.54691160e-01]
 [9.88823473e-01 1.11765461e-02]
 [9.96557772e-01 3.44214961e-03]
 [4.82656742e-06 9.99995232e-01]
 [1.02011698e-04 9.99897957e-01]
 [6.71226203e-01 3.28773826e-01]
 [2.80281483e-06 9.99997139e-01]
 [8.76195788e-01 1.23804197e-01]
 [9.99873638e-01 1.26313796e-04]
 [4.07364041e-07 9.99999642e-01]
 [7.81324197e-05 9.99921918e-01]
 [1.39654885e-05 9.99986053e-01]
 [9.99828696e-01 1.71317181e-04]
 [7.73669919e-04 9.99226332e-01]
 [9.99973655e-01 2.63186103e-05]
 [8.33952427e-01 1.66047588e-01]
 [9.99977708e-01 2.23148363e-05]
 [3.80200829e-04 9.99619722e-01]
 [4.37219824e-05 9.99956250e-01]
 [9.98876631e-01 1.12333219e-03]
 [9.99872804e-01 1.27213483e-04]
 [9.41013217e-01 5.89867420e-02]
 [9.99981403e-01 1.85679073e-05]
 [1.29655318e-03 9.98703480e-01]
 [9.82161045e-01 1.78389363e-02]
 [9.99853730e-01 1.46203311e-04]
 [4.66260426e-05 9.99953389e-01]
 [2.42707338e-02 9.75729287e-01]
 [9.99868989e-01 1.31005567e-04]
 [3.68381620e-07 9.99999642e-01]
 [9.99839544e-01 1.60454918e-04]
 [5.54025769e-01 4.45974231e-01]
 [9.99738991e-01 2.60947854e-04]
 [9.70910251e-01 2.90897749e-02]
 [9.99071598e-01 9.28332622e-04]
 [9.99035835e-01 9.64218751e-04]
 [9.92922664e-01 7.07736425e-03]
 [9.99697804e-01 3.02279805e-04]
 [1.13404254e-04 9.99886632e-01]
 [9.99811709e-01 1.88321545e-04]
 [9.53149974e-01 4.68500257e-02]
 [4.93074162e-03 9.95069265e-01]
 [9.77601886e-01 2.23980881e-02]
 [4.53732537e-06 9.99995470e-01]
 [9.14183497e-01 8.58164579e-02]
 [9.99751747e-01 2.48307741e-04]
 [9.99696374e-01 3.03684268e-04]
 [5.02884006e-07 9.99999523e-01]
 [8.51554200e-02 9.14844573e-01]
 [9.66381192e-01 3.36188748e-02]
 [9.98796701e-01 1.20330264e-03]
 [1.20996067e-03 9.98790085e-01]
 [7.09551841e-06 9.99992847e-01]
 [1.03421342e-04 9.99896526e-01]
 [6.22130847e-06 9.99993801e-01]
 [9.99785244e-01 2.14743312e-04]
 [9.99417305e-01 5.82760025e-04]
 [1.36401253e-02 9.86359894e-01]
 [5.63920003e-05 9.99943614e-01]
 [9.93654847e-01 6.34513842e-03]
 [5.57650745e-01 4.42349255e-01]
 [4.98054102e-02 9.50194657e-01]
 [9.92560506e-01 7.43948761e-03]
 [7.22397701e-04 9.99277651e-01]
 [9.35598612e-01 6.44013435e-02]
 [2.11124346e-02 9.78887558e-01]
 [9.32848423e-07 9.99999046e-01]
 [2.64502032e-05 9.99973536e-01]
 [9.99853730e-01 1.46203311e-04]
 [9.99986053e-01 1.38905871e-05]
 [5.52872461e-06 9.99994516e-01]
 [9.71705304e-04 9.99028325e-01]
 [9.85905766e-01 1.40942335e-02]
 [1.56985752e-05 9.99984264e-01]
 [9.75193202e-01 2.48068161e-02]
 [9.99807656e-01 1.92406849e-04]
 [9.99581635e-01 4.18377487e-04]
 [5.54053843e-01 4.45946157e-01]
 [4.62676495e-01 5.37323475e-01]
 [4.57275473e-06 9.99995470e-01]
 [7.68315554e-01 2.31684446e-01]
 [3.28521164e-05 9.99967098e-01]
 [9.99968290e-01 3.17447375e-05]
 [2.58739710e-05 9.99974132e-01]
 [1.83310811e-04 9.99816716e-01]
 [9.99987960e-01 1.20957857e-05]
 [9.99949455e-01 5.05033531e-05]
 [2.73412555e-01 7.26587415e-01]
 [9.98806357e-01 1.19363016e-03]
 [1.97794579e-05 9.99980211e-01]
 [2.71442696e-06 9.99997258e-01]
 [3.62080129e-07 9.99999642e-01]
 [1.80414668e-03 9.98195827e-01]
 [9.96926367e-01 3.07367486e-03]
 [2.38726188e-05 9.99976158e-01]
 [1.42368150e-03 9.98576283e-01]
 [2.55162106e-03 9.97448444e-01]
 [8.47378559e-03 9.91526186e-01]
 [4.72409971e-04 9.99527574e-01]
 [3.97973415e-03 9.96020257e-01]
 [9.99976158e-01 2.38040302e-05]
 [9.99664187e-01 3.35870049e-04]
 [3.76738911e-03 9.96232569e-01]
 [8.86632264e-01 1.13367692e-01]
 [2.97601306e-04 9.99702394e-01]
 [9.99762237e-01 2.37801883e-04]
 [2.61906962e-06 9.99997377e-01]
 [2.69461339e-06 9.99997258e-01]
 [9.96394575e-01 3.60538228e-03]
 [1.85561795e-02 9.81443763e-01]
 [9.98852730e-01 1.14727428e-03]
 [2.59063418e-05 9.99974132e-01]
 [9.99652982e-01 3.47063295e-04]
 [6.10030890e-01 3.89969110e-01]
 [9.99906182e-01 9.38066150e-05]
 [1.15358107e-05 9.99988437e-01]
 [9.90094841e-01 9.90524516e-03]
 [1.93571933e-02 9.80642855e-01]
 [1.56214079e-02 9.84378636e-01]
 [4.55349567e-04 9.99544680e-01]
 [1.56861515e-05 9.99984264e-01]
 [9.99986887e-01 1.31263578e-05]
 [3.36751604e-04 9.99663234e-01]
 [9.99880791e-01 1.19150536e-04]]
2022-04-24 00:17:46,808 INFO OMP_Critical: confusion matrix:
2022-04-24 00:18:44,718 INFO Loading data from OMP_Critical
2022-04-24 00:18:52,679 INFO OMP_Critical: sequence length = 10583
2022-04-24 00:18:52,679 INFO Creating Model...
2022-04-24 00:18:59,719 INFO OMP_Critical model summary:
2022-04-24 00:18:59,721 INFO None
2022-04-24 00:18:59,721 INFO OMP_Critical: Traning Model
2022-04-24 00:21:29,315 INFO OMP_Critical: Saved model to disk
2022-04-24 00:21:29,917 INFO OMP_Critical: Loaded model from disk
2022-04-24 00:21:31,861 INFO OMP_Critical: EVALUATE: [0.6670990586280823, 0.8461538553237915]
2022-04-24 00:21:31,861 INFO OMP_Critical: LEN FILE NAMES: 1884
2022-04-24 00:21:32,718 INFO OMP_Critical => Y_PRED: [[0. 1.]
 [1. 0.]
 [1. 0.]
 [0. 1.]
 [0. 1.]
 [0. 1.]
 [0. 1.]
 [1. 0.]
 [0. 1.]
 [0. 1.]
 [1. 0.]
 [0. 1.]
 [0. 1.]
 [0. 1.]
 [0. 1.]
 [0. 1.]
 [1. 0.]
 [1. 0.]
 [0. 1.]
 [0. 1.]
 [1. 0.]
 [0. 1.]
 [0. 1.]
 [0. 1.]
 [0. 1.]
 [0. 1.]
 [0. 1.]
 [0. 1.]
 [0. 1.]
 [0. 1.]
 [1. 0.]
 [1. 0.]
 [0. 1.]
 [0. 1.]
 [1. 0.]
 [0. 1.]
 [1. 0.]
 [1. 0.]
 [1. 0.]
 [0. 1.]
 [1. 0.]
 [0. 1.]
 [0. 1.]
 [0. 1.]
 [1. 0.]
 [0. 1.]
 [0. 1.]
 [1. 0.]
 [1. 0.]
 [0. 1.]
 [1. 0.]
 [0. 1.]
 [0. 1.]
 [1. 0.]
 [1. 0.]
 [1. 0.]
 [1. 0.]
 [1. 0.]
 [0. 1.]
 [0. 1.]
 [0. 1.]
 [1. 0.]
 [0. 1.]
 [1. 0.]
 [0. 1.]
 [1. 0.]
 [1. 0.]
 [0. 1.]
 [1. 0.]
 [1. 0.]
 [1. 0.]
 [0. 1.]
 [1. 0.]
 [0. 1.]
 [0. 1.]
 [0. 1.]
 [1. 0.]
 [0. 1.]
 [0. 1.]
 [1. 0.]
 [0. 1.]
 [1. 0.]
 [1. 0.]
 [0. 1.]
 [1. 0.]
 [0. 1.]
 [0. 1.]
 [0. 1.]
 [0. 1.]
 [0. 1.]
 [1. 0.]
 [0. 1.]
 [1. 0.]
 [1. 0.]
 [1. 0.]
 [0. 1.]
 [0. 1.]
 [1. 0.]
 [0. 1.]
 [0. 1.]
 [1. 0.]
 [0. 1.]
 [0. 1.]
 [1. 0.]
 [0. 1.]
 [0. 1.]
 [1. 0.]
 [0. 1.]
 [0. 1.]
 [0. 1.]
 [0. 1.]
 [1. 0.]
 [1. 0.]
 [0. 1.]
 [1. 0.]
 [1. 0.]
 [1. 0.]
 [0. 1.]
 [0. 1.]
 [0. 1.]
 [1. 0.]
 [0. 1.]
 [0. 1.]
 [0. 1.]
 [0. 1.]
 [1. 0.]
 [0. 1.]
 [0. 1.]
 [0. 1.]
 [1. 0.]
 [1. 0.]
 [1. 0.]
 [0. 1.]
 [1. 0.]
 [0. 1.]
 [1. 0.]
 [1. 0.]
 [1. 0.]
 [1. 0.]
 [1. 0.]
 [0. 1.]
 [0. 1.]
 [1. 0.]
 [1. 0.]
 [0. 1.]
 [1. 0.]
 [0. 1.]
 [1. 0.]
 [0. 1.]
 [0. 1.]
 [1. 0.]
 [1. 0.]
 [0. 1.]
 [1. 0.]
 [0. 1.]
 [0. 1.]
 [0. 1.]
 [1. 0.]
 [0. 1.]
 [1. 0.]
 [1. 0.]
 [0. 1.]
 [0. 1.]
 [0. 1.]
 [1. 0.]
 [1. 0.]
 [0. 1.]
 [1. 0.]
 [0. 1.]
 [1. 0.]
 [0. 1.]
 [0. 1.]
 [0. 1.]
 [1. 0.]
 [0. 1.]
 [1. 0.]
 [0. 1.]
 [1. 0.]
 [1. 0.]
 [1. 0.]
 [1. 0.]
 [0. 1.]
 [1. 0.]
 [0. 1.]
 [0. 1.]
 [1. 0.]
 [1. 0.]
 [1. 0.]
 [0. 1.]
 [0. 1.]
 [1. 0.]
 [1. 0.]
 [1. 0.]
 [0. 1.]
 [0. 1.]
 [0. 1.]
 [1. 0.]
 [1. 0.]
 [1. 0.]
 [1. 0.]
 [0. 1.]
 [0. 1.]
 [0. 1.]
 [1. 0.]
 [1. 0.]
 [1. 0.]
 [1. 0.]
 [1. 0.]
 [0. 1.]
 [1. 0.]
 [0. 1.]
 [0. 1.]
 [1. 0.]
 [1. 0.]
 [1. 0.]
 [0. 1.]
 [0. 1.]
 [1. 0.]
 [0. 1.]
 [1. 0.]
 [1. 0.]
 [0. 1.]
 [1. 0.]
 [1. 0.]
 [1. 0.]
 [0. 1.]
 [1. 0.]
 [1. 0.]
 [1. 0.]
 [1. 0.]
 [0. 1.]
 [1. 0.]
 [0. 1.]
 [1. 0.]
 [1. 0.]
 [0. 1.]
 [0. 1.]
 [1. 0.]
 [1. 0.]
 [1. 0.]
 [0. 1.]
 [1. 0.]
 [0. 1.]
 [1. 0.]
 [0. 1.]
 [0. 1.]
 [1. 0.]
 [0. 1.]
 [0. 1.]
 [0. 1.]
 [0. 1.]
 [0. 1.]
 [1. 0.]
 [1. 0.]
 [1. 0.]
 [0. 1.]
 [1. 0.]
 [0. 1.]
 [0. 1.]
 [1. 0.]
 [0. 1.]
 [0. 1.]
 [1. 0.]
 [1. 0.]
 [0. 1.]
 [0. 1.]
 [1. 0.]
 [0. 1.]
 [0. 1.]
 [1. 0.]
 [0. 1.]
 [0. 1.]
 [0. 1.]
 [0. 1.]
 [0. 1.]
 [0. 1.]
 [0. 1.]
 [1. 0.]
 [1. 0.]
 [1. 0.]
 [1. 0.]
 [1. 0.]
 [1. 0.]
 [0. 1.]
 [0. 1.]
 [0. 1.]
 [0. 1.]
 [0. 1.]
 [0. 1.]
 [1. 0.]
 [0. 1.]
 [0. 1.]
 [1. 0.]
 [1. 0.]
 [1. 0.]
 [1. 0.]
 [1. 0.]
 [1. 0.]
 [1. 0.]
 [0. 1.]
 [1. 0.]
 [1. 0.]
 [0. 1.]
 [1. 0.]
 [1. 0.]
 [1. 0.]
 [0. 1.]
 [1. 0.]
 [0. 1.]
 [0. 1.]
 [0. 1.]
 [0. 1.]
 [0. 1.]
 [0. 1.]
 [1. 0.]
 [0. 1.]
 [0. 1.]
 [0. 1.]
 [0. 1.]
 [0. 1.]
 [0. 1.]
 [0. 1.]
 [0. 1.]
 [0. 1.]
 [1. 0.]
 [1. 0.]
 [0. 1.]
 [1. 0.]
 [0. 1.]
 [0. 1.]
 [1. 0.]
 [1. 0.]
 [0. 1.]
 [0. 1.]
 [1. 0.]
 [0. 1.]
 [0. 1.]
 [1. 0.]
 [0. 1.]
 [1. 0.]
 [1. 0.]
 [0. 1.]
 [1. 0.]
 [0. 1.]
 [1. 0.]
 [0. 1.]
 [1. 0.]
 [0. 1.]
 [1. 0.]
 [1. 0.]
 [0. 1.]
 [0. 1.]
 [0. 1.]
 [0. 1.]
 [0. 1.]
 [0. 1.]
 [1. 0.]
 [1. 0.]
 [0. 1.]
 [0. 1.]
 [0. 1.]
 [0. 1.]
 [0. 1.]
 [0. 1.]
 [1. 0.]
 [1. 0.]
 [1. 0.]
 [1. 0.]
 [0. 1.]
 [1. 0.]
 [1. 0.]
 [0. 1.]
 [1. 0.]
 [1. 0.]
 [0. 1.]
 [0. 1.]
 [0. 1.]]
2022-04-24 00:21:32,719 INFO OMP_Critical: confusion matrix:
2022-04-24 00:21:32,722 INFO [[177  31]
 [ 27 142]]
2022-04-24 00:21:32,722 INFO OMP_Critical: precision:
2022-04-24 00:21:32,722 INFO precision:
2022-04-24 00:21:32,724 INFO 0.8208092485549133
2022-04-24 00:21:32,724 INFO OMP_Critical: recall:
2022-04-24 00:21:32,725 INFO 0.8402366863905325
2022-04-24 00:21:32,726 INFO OMP_Critical: f1:
2022-04-24 00:21:32,727 INFO 0.8304093567251462
2022-04-24 00:21:32,727 INFO OMP_Critical: cohen kappa:
2022-04-24 00:22:16,569 INFO Loading data from OMP_Critical
2022-04-24 00:22:24,711 INFO OMP_Critical: sequence length = 10583
2022-04-24 00:22:24,711 INFO Creating Model...
2022-04-24 00:22:32,025 INFO OMP_Critical model summary:
2022-04-24 00:22:32,027 INFO None
2022-04-24 00:22:32,028 INFO OMP_Critical: Traning Model
2022-04-24 00:24:59,896 INFO OMP_Critical: Saved model to disk
2022-04-24 00:25:00,484 INFO OMP_Critical: Loaded model from disk
2022-04-24 00:25:02,235 INFO OMP_Critical: EVALUATE: [0.7482537627220154, 0.8275862336158752]
2022-04-24 00:25:02,237 INFO OMP_Critical: LEN FILE NAMES: 1884
2022-04-24 00:25:03,258 INFO OMP_Critical => Y_PRED: [[1. 0.]
 [0. 1.]
 [0. 1.]
 [1. 0.]
 [0. 1.]
 [0. 1.]
 [0. 1.]
 [0. 1.]
 [0. 1.]
 [0. 1.]
 [1. 0.]
 [0. 1.]
 [0. 1.]
 [0. 1.]
 [0. 1.]
 [1. 0.]
 [0. 1.]
 [1. 0.]
 [0. 1.]
 [0. 1.]
 [0. 1.]
 [0. 1.]
 [0. 1.]
 [1. 0.]
 [1. 0.]
 [1. 0.]
 [0. 1.]
 [1. 0.]
 [0. 1.]
 [0. 1.]
 [0. 1.]
 [1. 0.]
 [1. 0.]
 [0. 1.]
 [0. 1.]
 [0. 1.]
 [0. 1.]
 [1. 0.]
 [0. 1.]
 [0. 1.]
 [0. 1.]
 [0. 1.]
 [1. 0.]
 [0. 1.]
 [0. 1.]
 [0. 1.]
 [1. 0.]
 [1. 0.]
 [1. 0.]
 [0. 1.]
 [0. 1.]
 [1. 0.]
 [0. 1.]
 [1. 0.]
 [1. 0.]
 [0. 1.]
 [1. 0.]
 [0. 1.]
 [0. 1.]
 [0. 1.]
 [1. 0.]
 [1. 0.]
 [1. 0.]
 [1. 0.]
 [1. 0.]
 [1. 0.]
 [0. 1.]
 [0. 1.]
 [0. 1.]
 [0. 1.]
 [1. 0.]
 [0. 1.]
 [0. 1.]
 [1. 0.]
 [0. 1.]
 [1. 0.]
 [1. 0.]
 [0. 1.]
 [1. 0.]
 [1. 0.]
 [1. 0.]
 [0. 1.]
 [0. 1.]
 [1. 0.]
 [1. 0.]
 [0. 1.]
 [0. 1.]
 [0. 1.]
 [0. 1.]
 [0. 1.]
 [0. 1.]
 [1. 0.]
 [0. 1.]
 [1. 0.]
 [1. 0.]
 [0. 1.]
 [0. 1.]
 [1. 0.]
 [1. 0.]
 [0. 1.]
 [0. 1.]
 [0. 1.]
 [0. 1.]
 [1. 0.]
 [1. 0.]
 [1. 0.]
 [0. 1.]
 [1. 0.]
 [1. 0.]
 [1. 0.]
 [0. 1.]
 [1. 0.]
 [1. 0.]
 [1. 0.]
 [1. 0.]
 [1. 0.]
 [1. 0.]
 [0. 1.]
 [1. 0.]
 [1. 0.]
 [1. 0.]
 [1. 0.]
 [0. 1.]
 [0. 1.]
 [0. 1.]
 [1. 0.]
 [1. 0.]
 [0. 1.]
 [0. 1.]
 [1. 0.]
 [0. 1.]
 [0. 1.]
 [0. 1.]
 [0. 1.]
 [0. 1.]
 [1. 0.]
 [1. 0.]
 [1. 0.]
 [0. 1.]
 [1. 0.]
 [0. 1.]
 [0. 1.]
 [0. 1.]
 [0. 1.]
 [0. 1.]
 [1. 0.]
 [1. 0.]
 [0. 1.]
 [1. 0.]
 [0. 1.]
 [0. 1.]
 [0. 1.]
 [1. 0.]
 [1. 0.]
 [1. 0.]
 [1. 0.]
 [1. 0.]
 [0. 1.]
 [1. 0.]
 [0. 1.]
 [0. 1.]
 [0. 1.]
 [0. 1.]
 [1. 0.]
 [0. 1.]
 [1. 0.]
 [0. 1.]
 [0. 1.]
 [0. 1.]
 [1. 0.]
 [0. 1.]
 [1. 0.]
 [1. 0.]
 [0. 1.]
 [0. 1.]
 [0. 1.]
 [1. 0.]
 [1. 0.]
 [1. 0.]
 [0. 1.]
 [1. 0.]
 [1. 0.]
 [1. 0.]
 [0. 1.]
 [0. 1.]
 [1. 0.]
 [1. 0.]
 [0. 1.]
 [0. 1.]
 [0. 1.]
 [0. 1.]
 [1. 0.]
 [0. 1.]
 [0. 1.]
 [0. 1.]
 [0. 1.]
 [1. 0.]
 [0. 1.]
 [1. 0.]
 [1. 0.]
 [1. 0.]
 [1. 0.]
 [1. 0.]
 [0. 1.]
 [1. 0.]
 [0. 1.]
 [1. 0.]
 [1. 0.]
 [1. 0.]
 [1. 0.]
 [0. 1.]
 [1. 0.]
 [0. 1.]
 [0. 1.]
 [1. 0.]
 [0. 1.]
 [0. 1.]
 [0. 1.]
 [0. 1.]
 [0. 1.]
 [0. 1.]
 [1. 0.]
 [0. 1.]
 [0. 1.]
 [1. 0.]
 [0. 1.]
 [0. 1.]
 [1. 0.]
 [1. 0.]
 [1. 0.]
 [0. 1.]
 [1. 0.]
 [0. 1.]
 [0. 1.]
 [0. 1.]
 [0. 1.]
 [1. 0.]
 [0. 1.]
 [1. 0.]
 [1. 0.]
 [0. 1.]
 [1. 0.]
 [1. 0.]
 [0. 1.]
 [0. 1.]
 [0. 1.]
 [0. 1.]
 [0. 1.]
 [1. 0.]
 [0. 1.]
 [1. 0.]
 [0. 1.]
 [0. 1.]
 [0. 1.]
 [1. 0.]
 [1. 0.]
 [0. 1.]
 [1. 0.]
 [0. 1.]
 [1. 0.]
 [0. 1.]
 [1. 0.]
 [1. 0.]
 [1. 0.]
 [0. 1.]
 [1. 0.]
 [0. 1.]
 [0. 1.]
 [1. 0.]
 [0. 1.]
 [1. 0.]
 [0. 1.]
 [1. 0.]
 [0. 1.]
 [0. 1.]
 [1. 0.]
 [1. 0.]
 [1. 0.]
 [1. 0.]
 [0. 1.]
 [0. 1.]
 [0. 1.]
 [0. 1.]
 [0. 1.]
 [0. 1.]
 [0. 1.]
 [1. 0.]
 [0. 1.]
 [1. 0.]
 [1. 0.]
 [1. 0.]
 [0. 1.]
 [1. 0.]
 [0. 1.]
 [1. 0.]
 [0. 1.]
 [0. 1.]
 [0. 1.]
 [0. 1.]
 [1. 0.]
 [0. 1.]
 [0. 1.]
 [0. 1.]
 [0. 1.]
 [1. 0.]
 [0. 1.]
 [1. 0.]
 [1. 0.]
 [1. 0.]
 [0. 1.]
 [1. 0.]
 [0. 1.]
 [0. 1.]
 [0. 1.]
 [0. 1.]
 [0. 1.]
 [1. 0.]
 [0. 1.]
 [0. 1.]
 [0. 1.]
 [0. 1.]
 [1. 0.]
 [0. 1.]
 [0. 1.]
 [1. 0.]
 [0. 1.]
 [0. 1.]
 [1. 0.]
 [1. 0.]
 [1. 0.]
 [0. 1.]
 [1. 0.]
 [0. 1.]
 [0. 1.]
 [0. 1.]
 [0. 1.]
 [1. 0.]
 [0. 1.]
 [0. 1.]
 [0. 1.]
 [0. 1.]
 [1. 0.]
 [1. 0.]
 [1. 0.]
 [1. 0.]
 [0. 1.]
 [0. 1.]
 [1. 0.]
 [0. 1.]
 [1. 0.]
 [0. 1.]
 [0. 1.]
 [1. 0.]
 [0. 1.]
 [0. 1.]
 [1. 0.]
 [1. 0.]
 [0. 1.]
 [0. 1.]
 [0. 1.]
 [0. 1.]
 [0. 1.]
 [0. 1.]
 [0. 1.]
 [1. 0.]
 [1. 0.]
 [1. 0.]
 [0. 1.]
 [1. 0.]
 [1. 0.]
 [0. 1.]
 [0. 1.]
 [1. 0.]
 [1. 0.]
 [0. 1.]
 [1. 0.]
 [0. 1.]]
2022-04-24 00:25:03,258 INFO OMP_Critical: confusion matrix:
2022-04-24 00:25:03,260 INFO [[167  19]
 [ 46 145]]
2022-04-24 00:25:03,261 INFO OMP_Critical: precision:
2022-04-24 00:25:03,263 INFO 0.8841463414634146
2022-04-24 00:25:03,263 INFO OMP_Critical: recall:
2022-04-24 00:25:03,265 INFO 0.7591623036649214
2022-04-24 00:25:03,266 INFO OMP_Critical: f1:
2022-04-24 00:25:03,268 INFO 0.8169014084507041
2022-04-24 00:25:03,273 INFO OMP_Critical loaded model layers[5] output
2022-04-24 00:25:03,273 INFO KerasTensor(type_spec=TensorSpec(shape=(None, 1, 512), dtype=tf.float32, name=None), name='conv1d_2/Relu:0', description="created by layer 'conv1d_2'")
2022-04-24 00:25:03,394 INFO OMP_Critical: y_pred: [[0.9957366  0.00426343]]
2022-04-24 00:25:03,395 INFO OMP_Critical: predicted label: 0
2022-04-24 00:25:03,427 INFO OMP_Critical: relu_fun (heatmap):
2022-04-24 00:25:03,427 INFO [[8.183916361304e-05, 0.0006767514278180897], [0.0025891161058098078, 0.02141014114022255], [0.0008000360103324056, 0.00661572627723217], [0.0002662217302713543, 0.0022014635615050793], [0.0, 0.0], [0.0013822189066559076, 0.011429963633418083], [0.0001824160572141409, 0.0015084506012499332], [0.00042050163028761744, 0.00347724836319685], [0.0007978439098224044, 0.006597599480301142], [0.00023594454978592694, 0.0019510929705575109], [0.0004755534464493394, 0.003932487219572067], [0.0, 0.0], [0.0, 0.0], [0.0009159967303276062, 0.007574638817459345], [0.0, 0.0], [0.0, 0.0], [0.00019278208492323756, 0.0015941702295094728], [0.0006675196927972138, 0.005519911181181669], [0.0, 0.0], [0.00012836053792852908, 0.0010614499915391207], [0.0012157537275925279, 0.010053414851427078], [0.0005289031541906297, 0.004373651463538408], [0.0, 0.0], [0.0, 0.0], [0.0014160072896629572, 0.011709369719028473], [0.0, 0.0], [0.00039162440225481987, 0.00323845399543643], [0.0, 0.0], [0.0005878360825590789, 0.00486098462715745], [0.0, 0.0], [0.00023543967108707875, 0.0019469179678708315], [0.0007055051391944289, 0.005834023933857679], [0.0, 0.0], [0.0, 0.0], [0.0020141825079917908, 0.016655851155519485], [0.0006175542366690934, 0.005106732714921236], [0.002065574284642935, 0.017080824822187424], [0.0005305740050971508, 0.004387468099594116], [0.0002494437212590128, 0.002062721410766244], [0.0003685118572320789, 0.0030473298393189907], [0.0, 0.0], [0.0, 0.0], [0.0, 0.0], [0.00012661224172916263, 0.001046992838382721], [0.0, 0.0], [2.3409291316056624e-05, 0.00019357811834197491], [0.00032023427775129676, 0.002648108871653676], [0.0, 0.0], [0.0003318415838293731, 0.00274409307166934], [0.0, 0.0], [0.001238630386069417, 0.010242588818073273], [0.0014405824476853013, 0.011912588961422443], [0.0, 0.0], [0.0032244930043816566, 0.026664255186915398], [0.00024138322623912245, 0.001996066886931658], [0.000256669067312032, 0.0021224699448794127], [0.0002539733541198075, 0.0021001785062253475], [0.0, 0.0], [0.0, 0.0], [0.0, 0.0], [0.0, 0.0], [0.0, 0.0], [0.0004211632185615599, 0.003482718952000141], [0.0, 0.0], [2.6757104933494702e-05, 0.00022126214753370732], [0.00026926392456516623, 0.0022266204468905926], [0.0, 0.0], [0.0, 0.0], [0.0010562750976532698, 0.008734641596674919], [0.0, 0.0], [5.864254853804596e-05, 0.00048493201029486954], [0.00040417604031972587, 0.003342247335240245], [0.0008589932112954557, 0.0071032606065273285], [0.0, 0.0], [0.0, 0.0], [0.0, 0.0], [0.0007795332930982113, 0.006446183659136295], [0.00020546940504573286, 0.001699085347354412], [0.0, 0.0], [0.0005959520931355655, 0.004928098060190678], [0.0, 0.0], [0.0013454325962811708, 0.011125766672194004], [0.001089246361516416, 0.009007290005683899], [0.0006346784066408873, 0.005248337052762508], [0.0002685672661755234, 0.002220859518274665], [6.962810584809631e-05, 0.0005757747567258775], [0.0005781005602329969, 0.004780478775501251], [0.0005953575018793344, 0.004923181142657995], [0.0, 0.0], [0.000502757087815553, 0.004157442133873701], [0.00023171033535618335, 0.0019160790834575891], [6.638270861003548e-05, 0.0005489375907927752], [0.001354619045741856, 0.011201731860637665], [0.0002722288481891155, 0.002251138212159276], [0.0, 0.0], [0.0, 0.0], [0.001119428314268589, 0.009256873279809952], [0.0006843750597909093, 0.005659293383359909], [0.0008760649943724275, 0.007244431879371405], [0.0006040881853550673, 0.004995378199964762], [0.0, 0.0], [0.0006917407736182213, 0.005720202345401049], [3.890955849783495e-05, 0.00032175425440073013], [0.0002862729015760124, 0.0023672725073993206], [0.0, 0.0], [0.0, 0.0], [6.421870057238266e-05, 0.0005310428095981479], [0.0, 0.0], [0.0, 0.0], [5.6955974287120625e-05, 0.0004709852219093591], [0.0, 0.0], [0.0016910124104470015, 0.013983464799821377], [0.00030319762299768627, 0.0025072277057915926], [0.0004641317646019161, 0.0038380383048206568], [0.0, 0.0], [0.0003707769210450351, 0.0030660603661090136], [0.0003823967999778688, 0.0031621484085917473], [0.0006131681147962809, 0.0050704628229141235], [0.0, 0.0], [0.0004036375612486154, 0.0033377944491803646], [9.281440725317225e-05, 0.0007675089291296899], [0.00010566538549028337, 0.0008737772586755455], [0.0, 0.0], [0.0, 0.0], [0.0, 0.0], [5.060111288912594e-05, 0.00041843505459837615], [0.0002146336919395253, 0.001774867414496839], [0.000253356498433277, 0.0020950771868228912], [0.0008081481792032719, 0.006682808510959148], [0.0006086000939831138, 0.00503268837928772], [0.0002556665276642889, 0.0021141795441508293], [0.0, 0.0], [0.0009723555995151401, 0.008040687069296837], [0.0, 0.0], [0.0, 0.0], [0.0003682283277157694, 0.00304498546756804], [0.0, 0.0], [0.0, 0.0], [0.0008989939815364778, 0.007434038445353508], [0.0, 0.0], [0.0006868451600894332, 0.005679719150066376], [0.0, 0.0], [0.0, 0.0], [0.0007424462819471955, 0.00613950053229928], [0.0, 0.0], [0.001096669351682067, 0.00906867254525423], [0.0, 0.0], [0.0, 0.0], [0.0, 0.0], [0.0, 0.0], [6.056221900507808e-05, 0.000500806316267699], [0.0014572609215974808, 0.012050507590174675], [0.0, 0.0], [0.000859895080793649, 0.007110718172043562], [0.0, 0.0], [0.0, 0.0], [0.0, 0.0], [0.00046621786896139383, 0.003855288727208972], [0.0, 0.0], [0.0013960659271106124, 0.011544467881321907], [0.0, 0.0], [0.0, 0.0], [0.0002751290157902986, 0.0022751204669475555], [0.0, 0.0], [0.0003009047359228134, 0.0024882673751562834], [0.0, 0.0], [0.0002541964640840888, 0.002102023223415017], [0.0005412109312601388, 0.004475428257137537], [0.0, 0.0], [0.00013222094275988638, 0.0010933728190138936], [0.00094097905093804, 0.00778122479096055], [0.00015582791820634156, 0.0012885855976492167], [0.00016833133122418076, 0.0013919798657298088], [0.0, 0.0], [0.0004038015613332391, 0.0033391506876796484], [0.0010954798199236393, 0.009058835916221142], [0.0, 0.0], [0.0, 0.0], [0.00029324600473046303, 0.0024249351117759943], [0.0, 0.0], [0.00014789204578846693, 0.0012229616986587644], [0.001817260985262692, 0.015027451328933239], [0.0, 0.0], [0.00033555016852915287, 0.0027747603598982096], [0.0, 0.0], [0.0001670131168793887, 0.001381079200655222], [0.0, 0.0], [0.00011511347838677466, 0.0009519062587060034], [0.00046141492202878, 0.003815571777522564], [0.0005531249917112291, 0.004573948681354523], [0.0, 0.0], [0.00016510039858985692, 0.0013652624329552054], [0.0, 0.0], [0.0013185241259634495, 0.010903253220021725], [0.0005094329244457185, 0.004212646279484034], [0.0006140355253592134, 0.005077634938061237], [0.0, 0.0], [0.0, 0.0], [0.0, 0.0], [0.0002547931217122823, 0.0021069571375846863], [0.0, 0.0], [0.0, 0.0], [0.00012516879360191524, 0.0010350566590204835], [0.0, 0.0], [0.0, 0.0], [0.000334632903104648, 0.002767175203189254], [0.0007557509816251695, 0.006249521393328905], [0.0005117228720337152, 0.00423158286139369], [0.0005988740012980998, 0.004952260293066502], [0.001491642207838595, 0.01233481615781784], [0.00019329096539877355, 0.001598378294147551], [0.00022590583830606192, 0.0018680799985304475], [0.0001237241376657039, 0.0010231102351099253], [0.0, 0.0], [0.0, 0.0], [0.0, 0.0], [0.0, 0.0], [0.0, 0.0], [0.0006863093003630638, 0.005675287917256355], [0.0, 0.0], [0.0006958075100556016, 0.005753831472247839], [0.0, 0.0], [0.00045631497050635517, 0.0037733991630375385], [0.00031056656735017896, 0.0025681639090180397], [0.0, 0.0], [0.0006625605747103691, 0.005478902719914913], [0.001229304471053183, 0.010165470652282238], [0.0, 0.0], [0.0, 0.0], [0.0, 0.0], [0.0, 0.0], [0.00038815790321677923, 0.00320978881791234], [0.0003300941607449204, 0.00272964290343225], [0.0, 0.0], [0.0006311032921075821, 0.005218773614615202], [0.00013923704682383686, 0.0011513909557834268], [0.000462741736555472, 0.0038265439216047525], [8.1684956967365e-05, 0.0006754762725904584], [0.00019689287000801414, 0.0016281635034829378], [0.0, 0.0], [0.0007013513240963221, 0.005799674894660711], [0.0, 0.0], [0.0011432748287916183, 0.009454065933823586], [0.00047864875523373485, 0.003958083223551512], [0.0, 0.0], [0.0, 0.0], [0.00043436585110612214, 0.003591895569115877], [0.00035657983971759677, 0.00294866063632071], [0.0, 0.0], [0.0, 0.0], [0.0, 0.0], [0.0005653147818520665, 0.004674749448895454], [0.0, 0.0], [0.00028157627093605697, 0.0023284347262233496], [0.0013169398298487067, 0.010890152305364609], [0.00055047741625458, 0.004552055150270462], [0.0003340632247272879, 0.0027624645736068487], [0.0, 0.0], [0.0, 0.0], [0.0005564137827605009, 0.004601145163178444], [0.0, 0.0], [0.0, 0.0], [0.0, 0.0], [0.000715753878466785, 0.005918773356825113], [0.0005980664282105863, 0.004945582710206509], [0.0, 0.0], [0.0012476403499022126, 0.010317094624042511], [0.0, 0.0], [0.0008846218697726727, 0.007315191440284252], [0.00132463697809726, 0.010953801684081554], [0.0004779249138664454, 0.003952097613364458], [0.0, 0.0], [0.00019586070266086608, 0.0016196281649172306], [0.00040501932380720973, 0.0033492206130176783], [0.0010589618468657136, 0.008756858296692371], [6.22614606982097e-05, 0.0005148578202351928], [0.0005988562479615211, 0.004952113609761], [0.0, 0.0], [0.0013347718631848693, 0.011037609539926052], [7.090486178640276e-05, 0.0005863325786776841], [0.0, 0.0], [0.0, 0.0], [0.0, 0.0], [0.0, 0.0], [0.00012634984159376472, 0.0010448229731991887], [0.0, 0.0], [0.00011401181109249592, 0.0009427962359040976], [0.0001397164596710354, 0.0011553553631529212], [0.0010303861927241087, 0.008520558476448059], [0.0, 0.0], [0.0, 0.0], [0.00022250079200603068, 0.0018399226246401668], [0.0, 0.0], [0.0, 0.0], [0.0, 0.0], [0.0007048306870274246, 0.005828446708619595], [0.0003335520741529763, 0.0027582375332713127], [0.0007682539289817214, 0.006352911703288555], [0.0006893910467624664, 0.005700771696865559], [0.0007547225686721504, 0.006241017021238804], [0.0, 0.0], [0.0, 0.0], [0.0002201668539782986, 0.0018206227105110884], [6.388641486410052e-05, 0.0005282950005494058], [0.0004902855143882334, 0.0040543111972510815], [0.0, 0.0], [0.0, 0.0], [0.0004452976572792977, 0.0036822936963289976], [0.0014187154592946172, 0.011731763370335102], [0.0012473911046981812, 0.010315034538507462], [0.0, 0.0], [0.00010223501158179715, 0.0008454105700366199], [0.0, 0.0], [0.0, 0.0], [0.0009957366855815053, 0.00823403149843216], [0.0, 0.0], [0.0003488293441478163, 0.002884569577872753], [0.0, 0.0], [0.0012975286226719618, 0.010729635134339333], [0.0005225162021815777, 0.004320835694670677], [0.0007767115603201091, 0.006422849837690592], [0.0, 0.0], [0.0004921266227029264, 0.004069535527378321], [0.0, 0.0], [0.0, 0.0], [0.0, 0.0], [0.0, 0.0], [0.0, 0.0], [0.0009727641008794308, 0.008044064976274967], [0.0, 0.0], [0.00020181019499432296, 0.0016688262112438679], [0.0008527929894626141, 0.00705198897048831], [0.0007241432322189212, 0.00598814757540822], [0.0003603121149353683, 0.002979523967951536], [0.0006268296856433153, 0.005183433648198843], [0.0, 0.0], [0.0017760638147592545, 0.01468678005039692], [0.0, 0.0], [0.0, 0.0], [0.0006769696483388543, 0.00559805566444993], [0.0, 0.0], [0.00023000614601187408, 0.0019019865430891514], [0.0002817547938320786, 0.002329910872504115], [0.0004683034203480929, 0.0038725349586457014], [0.0, 0.0], [0.0002072180504910648, 0.0017135454108938575], [0.0, 0.0], [0.0, 0.0], [0.0, 0.0], [0.0, 0.0], [0.002179258270189166, 0.018020909279584885], [0.0003449440700933337, 0.002852441044524312], [0.0, 0.0], [0.0001607675658306107, 0.0013294329401105642], [0.0003619920462369919, 0.0029934158083051443], [0.00044410835835151374, 0.003672458929941058], [0.00042474534711800516, 0.003512340597808361], [0.0, 0.0], [0.0003030787338502705, 0.002506244694814086], [0.0, 0.0], [0.000130342275951989, 0.0010778375435620546], [0.0, 0.0], [0.00030434824293479323, 0.0025167425628751516], [0.00029001515940763056, 0.002398218261078], [0.0007753262179903686, 0.006411394104361534], [0.0, 0.0], [0.0004383169289212674, 0.0036245679948478937], [0.0015451670624315739, 0.012777429074048996], [0.0, 0.0], [0.0, 0.0], [0.0, 0.0], [0.0003409290802665055, 0.002819240093231201], [6.680180376861244e-05, 0.0005524032167159021], [0.0, 0.0], [0.0008942781132645905, 0.007395041175186634], [0.0002371524169575423, 0.00196108128875494], [0.000619599362835288, 0.005123644135892391], [0.0, 0.0], [0.0006584948860108852, 0.005445282906293869], [0.0, 0.0], [0.0005521860439330339, 0.0045661842450499535], [0.0001953694736585021, 0.0016155659686774015], [0.00023551667982246727, 0.0019475547596812248], [0.0007181232795119286, 0.005938366986811161], [1.4607026969315484e-05, 0.0001207896857522428], [0.00012312991020735353, 0.0010181964607909322], [0.0004848295066040009, 0.004009193740785122], [9.979117749026045e-05, 0.0008252017432823777], [0.0, 0.0], [0.00018937286222353578, 0.0015659783966839314], [0.0, 0.0], [0.0005372787709347904, 0.004442912060767412], [0.0, 0.0], [0.0, 0.0], [0.0, 0.0], [0.0003827636537607759, 0.003165182191878557], [0.0006087913643568754, 0.005034270230680704], [0.0, 0.0], [9.983797644963488e-05, 0.0008255887660197914], [7.155180355766788e-05, 0.000591682328376919], [0.0, 0.0], [0.0004958175704814494, 0.0041000572964549065], [0.0, 0.0], [0.0017024017870426178, 0.014077647589147091], [0.0, 0.0], [0.0, 0.0], [0.00024934258544817567, 0.0020618850830942392], [0.0, 0.0], [0.00026649300707504153, 0.0022037068847566843], [0.0005767807015217841, 0.004769564606249332], [0.0006582679343409836, 0.0054434058256447315], [0.00098890601657331, 0.00817754678428173], [0.0, 0.0], [0.0, 0.0], [0.0, 0.0], [0.0007700417190790176, 0.006367695052176714], [0.0006825611926615238, 0.005644293501973152], [0.00021810142789036036, 0.0018035431858152151], [0.0005661220639012754, 0.004681425169110298], [0.0014186414191499352, 0.01173115149140358], [0.0, 0.0], [0.0006292819743975997, 0.005203712731599808], [0.0, 0.0], [0.0005887738079763949, 0.004868738818913698], [0.0005750442505814135, 0.004755205009132624], [0.0, 0.0], [0.0, 0.0], [0.0009307209402322769, 0.007696397602558136], [0.002047873567789793, 0.016934452578425407], [0.0002852867473848164, 0.002359117614105344], [0.0008353832527063787, 0.006908022798597813], [0.0, 0.0], [0.0, 0.0], [0.0002736213500611484, 0.002262653084471822], [0.00019863156194332987, 0.0016425412613898516], [0.0, 0.0], [0.0005426975549198687, 0.004487721249461174], [0.0008672425174154341, 0.007171476259827614], [0.0003836567630060017, 0.003172567579895258], [0.0001953291503014043, 0.001615232671611011], [0.00042638269951567054, 0.0035258803982287645], [0.0, 0.0], [0.0, 0.0], [0.00034013966796919703, 0.0028127122204750776], [4.1214327211491764e-05, 0.0003408130432944745], [0.0009538140730001032, 0.007887361571192741], [0.0003000553697347641, 0.0024812438059598207], [0.0005329891573637724, 0.004407439846545458], [0.0, 0.0], [0.00023568668984808028, 0.0019489607075229287], [0.001529223402030766, 0.012645585462450981], [0.0005839046789333224, 0.004828474950045347], [0.0, 0.0], [0.0003741461841855198, 0.00309392181225121], [0.0007695803651586175, 0.006363879889249802], [0.0, 0.0], [0.0, 0.0], [0.0002513332583475858, 0.002078346675261855], [0.0009215748286806047, 0.007620765827596188], [0.0, 0.0], [0.0007948511047288775, 0.006572850979864597], [0.00011715177242876962, 0.0009687615092843771], [0.0, 0.0], [0.0004198799724690616, 0.0034721074625849724], [0.001192428288049996, 0.009860530495643616], [0.0, 0.0], [0.0004975478514097631, 0.004114365205168724], [0.00034461612813174725, 0.0028497292660176754], [0.0006248577265068889, 0.005167127586901188], [0.0, 0.0], [0.0008460790850222111, 0.006996470037847757], [0.0, 0.0], [0.0001132117395172827, 0.000936180236749351], [0.0, 0.0], [0.0, 0.0], [0.0, 0.0], [5.863306796527468e-06, 4.8485362640349194e-05], [0.0, 0.0], [0.0, 0.0], [0.001234910567291081, 0.010211829096078873], [0.00016584595141466707, 0.001371427671983838], [0.000593169592320919, 0.004905088804662228], [0.0, 0.0], [0.0, 0.0], [0.0, 0.0], [0.00035897456109523773, 0.002968463348224759], [0.00039812008617445827, 0.0032921687234193087], [0.0, 0.0], [0.0, 0.0], [0.0, 0.0], [0.0001597519585629925, 0.0013210346223786473], [0.0006594854639843106, 0.005453473888337612], [0.001512019312940538, 0.012503319419920444], [0.0003512958937790245, 0.002904966240748763], [0.00047157169319689274, 0.0038995612412691116], [0.0001776741846697405, 0.0014692386612296104], [0.0016469885595142841, 0.013619419187307358], [0.0004788854857906699, 0.003960041329264641], [0.0009973431006073952, 0.008247315883636475], [0.00043794227531179786, 0.0036214699503034353]]
2022-04-24 20:07:33,809 INFO Loading data from OMP_Critical
2022-04-24 20:07:41,816 INFO OMP_Critical: sequence length = 10583
2022-04-24 20:07:53,793 INFO OMP_Critical: Loaded model from disk
2022-04-24 20:08:03,446 INFO OMP_Critical: EVALUATE: [0.21105341613292694, 0.9469496011734009]
2022-04-24 20:08:03,446 INFO OMP_Critical: LEN FILE NAMES: 1884
2022-04-24 20:08:04,488 INFO OMP_Critical => Y_PRED: [[0. 1.]
 [0. 1.]
 [0. 1.]
 [0. 1.]
 [1. 0.]
 [1. 0.]
 [0. 1.]
 [1. 0.]
 [0. 1.]
 [0. 1.]
 [1. 0.]
 [1. 0.]
 [1. 0.]
 [0. 1.]
 [1. 0.]
 [0. 1.]
 [0. 1.]
 [0. 1.]
 [0. 1.]
 [1. 0.]
 [0. 1.]
 [1. 0.]
 [0. 1.]
 [0. 1.]
 [0. 1.]
 [0. 1.]
 [0. 1.]
 [0. 1.]
 [1. 0.]
 [0. 1.]
 [1. 0.]
 [0. 1.]
 [0. 1.]
 [1. 0.]
 [1. 0.]
 [0. 1.]
 [1. 0.]
 [1. 0.]
 [1. 0.]
 [1. 0.]
 [0. 1.]
 [0. 1.]
 [1. 0.]
 [0. 1.]
 [1. 0.]
 [0. 1.]
 [0. 1.]
 [1. 0.]
 [1. 0.]
 [1. 0.]
 [0. 1.]
 [1. 0.]
 [1. 0.]
 [0. 1.]
 [0. 1.]
 [0. 1.]
 [0. 1.]
 [1. 0.]
 [0. 1.]
 [1. 0.]
 [0. 1.]
 [0. 1.]
 [0. 1.]
 [1. 0.]
 [0. 1.]
 [1. 0.]
 [1. 0.]
 [1. 0.]
 [1. 0.]
 [1. 0.]
 [1. 0.]
 [1. 0.]
 [1. 0.]
 [0. 1.]
 [0. 1.]
 [0. 1.]
 [1. 0.]
 [0. 1.]
 [1. 0.]
 [1. 0.]
 [1. 0.]
 [0. 1.]
 [0. 1.]
 [1. 0.]
 [0. 1.]
 [0. 1.]
 [0. 1.]
 [1. 0.]
 [0. 1.]
 [0. 1.]
 [0. 1.]
 [1. 0.]
 [1. 0.]
 [0. 1.]
 [1. 0.]
 [0. 1.]
 [0. 1.]
 [1. 0.]
 [1. 0.]
 [1. 0.]
 [1. 0.]
 [1. 0.]
 [1. 0.]
 [0. 1.]
 [0. 1.]
 [1. 0.]
 [0. 1.]
 [1. 0.]
 [1. 0.]
 [1. 0.]
 [1. 0.]
 [0. 1.]
 [0. 1.]
 [1. 0.]
 [0. 1.]
 [1. 0.]
 [0. 1.]
 [0. 1.]
 [0. 1.]
 [1. 0.]
 [1. 0.]
 [0. 1.]
 [0. 1.]
 [1. 0.]
 [0. 1.]
 [1. 0.]
 [1. 0.]
 [0. 1.]
 [1. 0.]
 [0. 1.]
 [0. 1.]
 [0. 1.]
 [1. 0.]
 [0. 1.]
 [0. 1.]
 [1. 0.]
 [0. 1.]
 [0. 1.]
 [1. 0.]
 [1. 0.]
 [0. 1.]
 [0. 1.]
 [1. 0.]
 [0. 1.]
 [0. 1.]
 [0. 1.]
 [1. 0.]
 [0. 1.]
 [0. 1.]
 [1. 0.]
 [0. 1.]
 [1. 0.]
 [0. 1.]
 [0. 1.]
 [1. 0.]
 [0. 1.]
 [1. 0.]
 [0. 1.]
 [0. 1.]
 [0. 1.]
 [0. 1.]
 [1. 0.]
 [1. 0.]
 [1. 0.]
 [0. 1.]
 [1. 0.]
 [1. 0.]
 [1. 0.]
 [0. 1.]
 [0. 1.]
 [0. 1.]
 [1. 0.]
 [0. 1.]
 [1. 0.]
 [1. 0.]
 [1. 0.]
 [1. 0.]
 [1. 0.]
 [1. 0.]
 [0. 1.]
 [1. 0.]
 [1. 0.]
 [1. 0.]
 [0. 1.]
 [0. 1.]
 [1. 0.]
 [0. 1.]
 [0. 1.]
 [0. 1.]
 [1. 0.]
 [0. 1.]
 [1. 0.]
 [1. 0.]
 [0. 1.]
 [0. 1.]
 [0. 1.]
 [0. 1.]
 [0. 1.]
 [0. 1.]
 [1. 0.]
 [1. 0.]
 [0. 1.]
 [0. 1.]
 [1. 0.]
 [1. 0.]
 [1. 0.]
 [0. 1.]
 [0. 1.]
 [1. 0.]
 [1. 0.]
 [0. 1.]
 [1. 0.]
 [0. 1.]
 [0. 1.]
 [0. 1.]
 [0. 1.]
 [0. 1.]
 [1. 0.]
 [1. 0.]
 [1. 0.]
 [1. 0.]
 [0. 1.]
 [0. 1.]
 [1. 0.]
 [0. 1.]
 [0. 1.]
 [1. 0.]
 [0. 1.]
 [0. 1.]
 [1. 0.]
 [0. 1.]
 [0. 1.]
 [0. 1.]
 [0. 1.]
 [0. 1.]
 [1. 0.]
 [1. 0.]
 [0. 1.]
 [0. 1.]
 [1. 0.]
 [1. 0.]
 [1. 0.]
 [0. 1.]
 [1. 0.]
 [1. 0.]
 [1. 0.]
 [0. 1.]
 [1. 0.]
 [0. 1.]
 [0. 1.]
 [1. 0.]
 [1. 0.]
 [1. 0.]
 [1. 0.]
 [1. 0.]
 [1. 0.]
 [1. 0.]
 [1. 0.]
 [0. 1.]
 [0. 1.]
 [1. 0.]
 [1. 0.]
 [1. 0.]
 [0. 1.]
 [0. 1.]
 [0. 1.]
 [0. 1.]
 [0. 1.]
 [0. 1.]
 [1. 0.]
 [1. 0.]
 [0. 1.]
 [1. 0.]
 [1. 0.]
 [1. 0.]
 [0. 1.]
 [1. 0.]
 [1. 0.]
 [1. 0.]
 [0. 1.]
 [0. 1.]
 [1. 0.]
 [0. 1.]
 [1. 0.]
 [0. 1.]
 [1. 0.]
 [0. 1.]
 [1. 0.]
 [1. 0.]
 [1. 0.]
 [1. 0.]
 [0. 1.]
 [0. 1.]
 [1. 0.]
 [0. 1.]
 [1. 0.]
 [1. 0.]
 [0. 1.]
 [1. 0.]
 [1. 0.]
 [0. 1.]
 [0. 1.]
 [1. 0.]
 [1. 0.]
 [1. 0.]
 [1. 0.]
 [0. 1.]
 [1. 0.]
 [0. 1.]
 [0. 1.]
 [1. 0.]
 [1. 0.]
 [0. 1.]
 [1. 0.]
 [0. 1.]
 [0. 1.]
 [0. 1.]
 [0. 1.]
 [0. 1.]
 [0. 1.]
 [0. 1.]
 [0. 1.]
 [1. 0.]
 [1. 0.]
 [0. 1.]
 [1. 0.]
 [1. 0.]
 [0. 1.]
 [0. 1.]
 [1. 0.]
 [0. 1.]
 [0. 1.]
 [0. 1.]
 [0. 1.]
 [0. 1.]
 [0. 1.]
 [1. 0.]
 [0. 1.]
 [0. 1.]
 [0. 1.]
 [1. 0.]
 [1. 0.]
 [1. 0.]
 [0. 1.]
 [1. 0.]
 [0. 1.]
 [1. 0.]
 [0. 1.]
 [1. 0.]
 [1. 0.]
 [0. 1.]
 [1. 0.]
 [1. 0.]
 [0. 1.]
 [0. 1.]
 [0. 1.]
 [1. 0.]
 [1. 0.]
 [0. 1.]
 [0. 1.]
 [1. 0.]
 [1. 0.]
 [0. 1.]
 [1. 0.]
 [0. 1.]
 [1. 0.]
 [1. 0.]
 [1. 0.]
 [0. 1.]
 [1. 0.]
 [0. 1.]
 [0. 1.]
 [1. 0.]
 [1. 0.]
 [0. 1.]
 [1. 0.]
 [0. 1.]]
2022-04-24 20:08:04,488 INFO OMP_Critical: confusion matrix:
2022-04-24 20:08:04,489 INFO [[180   6]
 [ 14 177]]
2022-04-24 20:08:04,489 INFO OMP_Critical: precision:
2022-04-24 20:08:04,491 INFO 0.9672131147540983
2022-04-24 20:08:04,491 INFO OMP_Critical: recall:
2022-04-24 20:08:04,493 INFO 0.9267015706806283
2022-04-24 20:08:04,493 INFO OMP_Critical: f1:
2022-04-24 20:08:04,495 INFO 0.946524064171123
2022-04-24 20:08:04,495 INFO OMP_Critical: ACCURACY:
2022-04-24 20:08:04,495 INFO 0.946949602122016
2022-04-24 20:08:04,499 INFO OMP_Critical loaded model layers[5] output
2022-04-24 20:08:04,499 INFO KerasTensor(type_spec=TensorSpec(shape=(None, 1, 512), dtype=tf.float32, name=None), name='conv1d_2/Relu:0', description="created by layer 'conv1d_2'")
2022-04-24 20:08:04,613 INFO OMP_Critical: y_pred: [[0.9798723  0.02012773]]
2022-04-24 20:08:04,613 INFO OMP_Critical: predicted label: 0
2022-04-24 20:08:04,650 INFO OMP_Critical: relu_fun (heatmap):
2022-04-24 20:08:04,650 INFO [[0.00015037150296848267, 0.0012434649979695678], [0.00243469700217247, 0.020133204758167267], [0.0008192590321414173, 0.006774687208235264], [0.0002257121668662876, 0.0018664784729480743], [0.0, 0.0], [0.0015156245790421963, 0.012533132918179035], [0.00011512685887282714, 0.0009520169114693999], [0.0005654515116475523, 0.004675880074501038], [0.0008273329585790634, 0.006841452792286873], [0.00038604927249252796, 0.0031923516653478146], [0.00046384596498683095, 0.00383567507378757], [0.0, 0.0], [0.0, 0.0], [0.0007970088045112789, 0.006590693723410368], [0.0, 0.0], [0.0, 0.0], [0.0003152869758196175, 0.0026071981992572546], [0.0007219587569124997, 0.005970083177089691], [0.0, 0.0], [0.00015088202781043947, 0.0012476866832002997], [0.0011337337782606483, 0.009375168941915035], [0.0007298117270693183, 0.006035021971911192], [0.0, 0.0], [0.0, 0.0], [0.0014371741563081741, 0.011884404346346855], [0.0, 0.0], [0.0005121081485413015, 0.004234768450260162], [0.0, 0.0], [0.0006268821307457983, 0.005183867644518614], [0.0, 0.0], [0.0003845324390567839, 0.0031798086129128933], [0.0007923739613033831, 0.006552367005497217], [0.0, 0.0], [0.0, 0.0], [0.0018474882235750556, 0.015277408994734287], [0.00048598001012578607, 0.004018707666546106], [0.002156117232516408, 0.017829550430178642], [0.0005623754695989192, 0.004650443326681852], [0.0002710911212489009, 0.0022417299915105104], [0.0004360110906418413, 0.00360550032928586], [0.0, 0.0], [0.0, 0.0], [0.0, 0.0], [7.948861457407475e-05, 0.0006573140854015946], [5.713690188713372e-05, 0.0004724813625216484], [0.0, 0.0], [0.00036627278313972056, 0.003028814448043704], [0.0, 0.0], [0.00045407318975776434, 0.0037548609543591738], [0.0, 0.0], [0.0013262239517644048, 0.010966925881803036], [0.0015347301959991455, 0.01269112341105938], [0.0, 0.0], [0.0034487200900912285, 0.028518451377749443], [0.00015452811203431338, 0.0012778372038155794], [0.00047905396786518395, 0.003961434122174978], [0.00020185377798043191, 0.001669186633080244], [0.0, 0.0], [0.0, 0.0], [0.0, 0.0], [0.0, 0.0], [0.0, 0.0], [0.00047228168114088476, 0.0039054322987794876], [0.0, 0.0], [0.00032307321089319885, 0.002671584952622652], [0.00023348462127614766, 0.0019307510228827596], [0.0, 0.0], [0.0, 0.0], [0.001195521792396903, 0.009886111132800579], [0.0, 0.0], [8.53900783113204e-05, 0.0007061149808578193], [0.0005116771208122373, 0.004231204744428396], [0.0009342691628262401, 0.007725738920271397], [0.0, 0.0], [0.0, 0.0], [0.0, 0.0], [0.0007334693800657988, 0.0060652680695056915], [0.00021895190002396703, 0.0018105758354067802], [0.0, 0.0], [0.0006830791244283319, 0.005648576654493809], [0.0, 0.0], [0.0014977878890931606, 0.012385636568069458], [0.0011108519975095987, 0.009185953065752983], [0.0005419717635959387, 0.0044817193411290646], [0.00017927387671079487, 0.001482466934248805], [0.00014001308591105044, 0.0011578082339838147], [0.0006325088324956596, 0.005230396520346403], [0.00045745010720565915, 0.0037827857304364443], [0.0, 0.0], [0.00037588569102808833, 0.0031083060894161463], [0.00033477292163297534, 0.0027683330699801445], [0.0, 0.0], [0.00148291839286685, 0.012262675911188126], [0.0004069400019943714, 0.0033651033882051706], [0.0, 0.0], [0.0, 0.0], [0.001198562909848988, 0.009911258704960346], [0.0006040140287950635, 0.00499476445838809], [0.0008612296660430729, 0.007121754344552755], [0.0005862046964466572, 0.004847493954002857], [0.0, 0.0], [0.0006528756930492818, 0.005398815963417292], [0.0001714877871563658, 0.0014180815778672695], [0.00024872898939065635, 0.0020568110048770905], [0.0, 0.0], [0.0, 0.0], [8.93227115739137e-05, 0.0007386350189335644], [0.0, 0.0], [0.0, 0.0], [0.0002553450467530638, 0.0021115210838615894], [0.0, 0.0], [0.0016596618806943297, 0.013724218122661114], [0.00018839405674953014, 0.00155788438860327], [0.0004877833998762071, 0.004033620469272137], [0.0, 0.0], [0.00031300316913984716, 0.0025883126072585583], [0.0003814743831753731, 0.003154520643875003], [0.0007710755453445017, 0.006376244593411684], [0.0, 0.0], [0.0003954855783376843, 0.003270383458584547], [0.00035907028359360993, 0.0029692547395825386], [0.00014790575369261205, 0.001223074970766902], [0.0, 0.0], [9.949706873157993e-05, 0.0008227697107940912], [0.0, 0.0], [2.5281828129664063e-05, 0.0002090626658173278], [0.0004554836777970195, 0.003766524838283658], [0.00023389997659251094, 0.0019341857405379415], [0.0006528095691464841, 0.005398269277065992], [0.0006625877576880157, 0.005479127634316683], [0.0, 0.0], [0.0, 0.0], [0.0009606449166312814, 0.007943847216665745], [0.0, 0.0], [0.0, 0.0], [0.00013302676961757243, 0.0011000364320352674], [0.0, 0.0], [0.0, 0.0], [0.0009320492390543222, 0.007707381621003151], [0.0, 0.0], [0.0008643599576316774, 0.007147639524191618], [0.0, 0.0], [0.0, 0.0], [0.0006388052715919912, 0.005282463505864143], [0.0, 0.0], [0.0010916173923760653, 0.009026896208524704], [0.0, 0.0], [0.0, 0.0], [0.0, 0.0], [0.0, 0.0], [0.00025035187718458474, 0.0020702313631772995], [0.001493704505264759, 0.0123518705368042], [0.0, 0.0], [0.0007291429792530835, 0.006029491778463125], [0.0, 0.0], [0.0, 0.0], [0.0, 0.0], [0.00034179436624981463, 0.002826395444571972], [0.0, 0.0], [0.001479635713621974, 0.012235530652105808], [0.0, 0.0], [0.0, 0.0], [0.0003239507495891303, 0.0026788413524627686], [0.0, 0.0], [0.0004044680099468678, 0.0033446617890149355], [0.0, 0.0], [0.00017904496053233743, 0.0014805739047005773], [0.000513492792379111, 0.004246218595653772], [0.0, 0.0], [0.0003212497686035931, 0.00265650637447834], [0.0007085854886099696, 0.005859495606273413], [6.285597919486463e-05, 0.0005197740974836051], [0.00034275776124559343, 0.0028343619778752327], [0.0, 0.0], [0.00046909329830668867, 0.003879066789522767], [0.0012205279199406505, 0.010092894546687603], [0.0, 0.0], [0.0, 0.0], [0.00031361993751488626, 0.00259341299533844], [0.0, 0.0], [0.00022904625802766532, 0.0018940489972010255], [0.0016905434895306826, 0.013979586772620678], [0.0, 0.0], [0.0005789187271147966, 0.004787244368344545], [0.0, 0.0], [0.00017103133723139763, 0.0014143070438876748], [0.0, 0.0], [0.0002031160402111709, 0.0016796246636658907], [0.00037021859316155314, 0.003061443567276001], [0.0005582199664786458, 0.004616080783307552], [0.0, 0.0], [0.00021523694158531725, 0.0017798558110371232], [0.0, 0.0], [0.0013481170171871781, 0.011147964745759964], [0.00038958695949986577, 0.0032216061372309923], [0.0007137512438930571, 0.005902213044464588], [0.0, 0.0], [0.0, 0.0], [0.0, 0.0], [0.00042961884173564613, 0.0035526410210877657], [0.0, 0.0], [0.0, 0.0], [0.0002797906054183841, 0.002313668606802821], [0.0, 0.0], [0.0, 0.0], [0.00029804077348671854, 0.0024645845405757427], [0.0005829136352986097, 0.004820279311388731], [0.0004786358040291816, 0.003957976121455431], [0.0006610251148231328, 0.005466205533593893], [0.0012371620396152139, 0.010230446234345436], [0.0005112376529723406, 0.004227570258080959], [0.00025351636577397585, 0.0020963994320482016], [0.00020777872123289853, 0.0017181816510856152], [0.0, 0.0], [0.0, 0.0], [0.0, 0.0], [0.0, 0.0], [0.0, 0.0], [0.000706175051163882, 0.005839563440531492], [4.832613922189921e-05, 0.00039962268783710897], [0.0008079704130068421, 0.006681338418275118], [0.0, 0.0], [0.0005078716203570366, 0.004199735354632139], [0.0004562274843920022, 0.0037726755253970623], [0.0, 0.0], [0.0005926653393544257, 0.004900919273495674], [0.001311647705733776, 0.010846389457583427], [0.0, 0.0], [0.0, 0.0], [0.0, 0.0], [0.0, 0.0], [0.0004768243816215545, 0.003942997194826603], [0.0002245619980385527, 0.0018569674575701356], [0.0, 0.0], [0.0005566907348111272, 0.004603434819728136], [0.00014511009794659913, 0.0011999568669125438], [0.0006247687269933522, 0.005166391376405954], [9.530217357678339e-05, 0.0007880809134803712], [0.00011517955863382667, 0.0009524527122266591], [0.0, 0.0], [0.0007294815732166171, 0.006032291799783707], [0.0, 0.0], [0.0009482107707299292, 0.007841026410460472], [0.0005481219850480556, 0.004532577469944954], [0.0, 0.0], [0.0, 0.0], [0.0004403096390888095, 0.003641046117991209], [0.0004290963988751173, 0.003548320848494768], [0.0, 0.0], [0.0, 0.0], [0.0, 0.0], [0.0004981695674359798, 0.004119506571441889], [0.0, 0.0], [0.00028559728525578976, 0.0023616855032742023], [0.0014862334355711937, 0.012290089391171932], [0.0005072126514278352, 0.004194286651909351], [0.0002685119688976556, 0.0022204022388905287], [0.0, 0.0], [0.0, 0.0], [0.0005019126692786813, 0.004150459077209234], [0.0, 0.0], [0.0, 0.0], [0.0, 0.0], [0.0008109431946650147, 0.006705921143293381], [0.00048778587370179594, 0.004033640958368778], [0.0, 0.0], [0.0013043355429545045, 0.010785923339426517], [0.0, 0.0], [0.0007929250714369118, 0.006556924432516098], [0.0015748891746625304, 0.013023209758102894], [0.0004739287542179227, 0.003919052425771952], [0.00014531737542711198, 0.0012016709661111236], [0.00020093959756195545, 0.0016616269713267684], [0.00034601250081323087, 0.0028612762689590454], [0.001125324983149767, 0.009305634535849094], [0.00017262563051190227, 0.0014274907298386097], [0.0005328650586307049, 0.004406413529068232], [0.0, 0.0], [0.0014559166738763452, 0.012039391323924065], [0.00020834594033658504, 0.001722872257232666], [0.0, 0.0], [0.0, 0.0], [0.0, 0.0], [9.863325976766646e-05, 0.0008156266412697732], [0.00021398445824161172, 0.0017694986891001463], [0.0, 0.0], [7.736785482848063e-05, 0.0006397769320756197], [0.00020323968783486634, 0.0016806471394374967], [0.0011031130561605096, 0.00912195723503828], [0.0, 0.0], [0.0, 0.0], [0.0003511336981318891, 0.002903624903410673], [0.0, 0.0], [0.0, 0.0], [0.0, 0.0], [0.0007131209713406861, 0.00589700136333704], [0.00039170129457488656, 0.0032390898559242487], [0.0008929655887186527, 0.007384188007563353], [0.0005733181023970246, 0.004740931559354067], [0.0006248559802770615, 0.005167112685739994], [0.0, 0.0], [0.0, 0.0], [1.7932004993781447e-05, 0.00014828488929197192], [0.0001375595893478021, 0.0011375194881111383], [0.0007189778843894601, 0.005945433862507343], [0.0, 0.0], [0.0, 0.0], [0.0004484891251195222, 0.00370868481695652], [0.001480342005379498, 0.012241370975971222], [0.0012187570100650191, 0.01007825043052435], [0.0, 0.0], [0.00013240144471637905, 0.0010948653798550367], [0.0, 0.0], [0.0, 0.0], [0.0012977911392226815, 0.010731806047260761], [0.0, 0.0], [0.00042826865683309734, 0.0035414760932326317], [0.0, 0.0], [0.001292045577429235, 0.010684294626116753], [0.0005543882725760341, 0.0045843953266739845], [0.000869704526849091, 0.0071918354369699955], [0.0, 0.0], [0.0005572494119405746, 0.0046080551110208035], [0.0, 0.0], [0.0, 0.0], [0.0, 0.0], [0.0, 0.0], [0.0, 0.0], [0.0009944498306140304, 0.008223390206694603], [0.0, 0.0], [0.00029917227220721543, 0.002473941072821617], [0.0009240995277650654, 0.007641643285751343], [0.0009217773331329226, 0.007622440345585346], [0.000391849665902555, 0.0032403168734163046], [0.0005074315122328699, 0.004196096211671829], [0.0, 0.0], [0.0016922744689509273, 0.013993901200592518], [0.0, 0.0], [0.0, 0.0], [0.0006538049201481044, 0.005406499840319157], [0.0, 0.0], [0.00017457679496146739, 0.0014436254277825356], [0.00028028542874380946, 0.0023177603725343943], [0.000510102603584528, 0.0042181843891739845], [0.0, 0.0], [0.0004253591760061681, 0.0035174167715013027], [0.0, 0.0], [0.0, 0.0], [0.0, 0.0], [0.0, 0.0], [0.002299901098012924, 0.019018540158867836], [0.00037677885848097503, 0.003115692175924778], [0.0, 0.0], [0.0002651043178047985, 0.002192223444581032], [0.00056765868794173, 0.004694132134318352], [0.000449152197688818, 0.0037141679786145687], [0.0003008519415743649, 0.0024878305848687887], [0.0, 0.0], [0.00040289261960424483, 0.0033316342160105705], [0.0, 0.0], [6.060734449420124e-05, 0.0005011794855818152], [0.0, 0.0], [0.00032823343644849956, 0.002714256290346384], [0.0002517224638722837, 0.002081564860418439], [0.0006597241153940558, 0.005455447360873222], [0.0, 0.0], [0.0003260312369093299, 0.0026960454415529966], [0.0014061271212995052, 0.01162766758352518], [0.0, 0.0], [0.0, 0.0], [0.0, 0.0], [0.00024067489721346647, 0.0019902095664292574], [0.0001607356098247692, 0.001329168677330017], [0.0, 0.0], [0.0010006376542150974, 0.008274558931589127], [0.0002942439750768244, 0.002433187561109662], [0.0006334062200039625, 0.005237817298620939], [0.0, 0.0], [0.0005186716443859041, 0.004289044067263603], [0.0, 0.0], [0.0006919682491570711, 0.005722083617001772], [0.00030064466409385204, 0.0024861167185008526], [0.0004871610726695508, 0.0040284739807248116], [0.0006057924474589527, 0.005009470973163843], [0.00022067956160753965, 0.0018248624401167035], [0.00023841617803554982, 0.0019715314265340567], [0.0006456063711084425, 0.005338703747838736], [0.0001594896602910012, 0.0013188656885176897], [0.0, 0.0], [0.00021571142133325338, 0.0017837793566286564], [0.0, 0.0], [0.0005591389490291476, 0.004623679909855127], [0.0, 0.0], [0.0, 0.0], [0.0, 0.0], [0.0002424948470434174, 0.0020052592735737562], [0.0005087531753815711, 0.004207025282084942], [0.0, 0.0], [0.00011770298442570493, 0.0009733196347951889], [4.345100751379505e-05, 0.00035930878948420286], [0.0, 0.0], [0.0003267470165155828, 0.0027019644621759653], [0.0, 0.0], [0.0016884232172742486, 0.013962054625153542], [0.0, 0.0], [0.0, 0.0], [0.00025502542848698795, 0.0021088782232254744], [0.0, 0.0], [0.0003765009460039437, 0.0031133939046412706], [0.0006400897400453687, 0.005293085239827633], [0.0007105664117261767, 0.005875877104699612], [0.0007460510823875666, 0.006169309839606285], [0.0, 0.0], [0.0, 0.0], [0.0, 0.0], [0.0006940054590813816, 0.005738929845392704], [0.0007240023114718497, 0.005986982025206089], [0.0002021511463681236, 0.0016716455575078726], [0.0005326322861947119, 0.004404488485306501], [0.0013903181534260511, 0.01149693876504898], [0.0, 0.0], [0.0005558541743084788, 0.00459651742130518], [0.0, 0.0], [0.0008001211099326611, 0.006616430357098579], [0.0005645367782562971, 0.004668316338211298], [0.0, 0.0], [0.0, 0.0], [0.0010479564080014825, 0.008665850386023521], [0.0020949505269527435, 0.017323745414614677], [0.00035955608473159373, 0.0029732719995081425], [0.0008817705092951655, 0.007291612681001425], [0.0, 0.0], [0.0, 0.0], [0.0003864303871523589, 0.0031955032609403133], [0.0003534313873387873, 0.002922625280916691], [0.0, 0.0], [0.0006354031502269208, 0.005254330113530159], [0.0007851706468500197, 0.006492800544947386], [0.0002352008450543508, 0.0019449429819360375], [0.0005377582856453955, 0.00444687670096755], [0.00041639854316599667, 0.0034433186519891024], [0.0, 0.0], [0.0, 0.0], [0.0004178112430963665, 0.0034550006967037916], [0.0001554858754388988, 0.0012857571709901094], [0.000880650884937495, 0.007282353937625885], [0.00021843929425813258, 0.0018063370371237397], [0.0003890849184244871, 0.003217454534024], [0.0, 0.0], [0.0003237836644984782, 0.0026774597354233265], [0.001595939276739955, 0.0131972786039114], [0.0004362592299003154, 0.0036075522657483816], [0.0, 0.0], [0.00033570610685274005, 0.0027760497760027647], [0.0008703108760528266, 0.007196849677711725], [0.0, 0.0], [0.0, 0.0], [0.0003169030824210495, 0.0026205622125416994], [0.0008612259407527745, 0.007121723610907793], [0.0, 0.0], [0.0006945767090655863, 0.005743653513491154], [0.00015659432392567396, 0.001294923247769475], [0.0, 0.0], [0.00035904854303225875, 0.002969074994325638], [0.0012067017378285527, 0.009978561662137508], [0.0, 0.0], [0.00050640560220927, 0.004187612794339657], [0.00042634920100681484, 0.00352560356259346], [0.0005379588110372424, 0.004448534920811653], [0.0, 0.0], [0.0007781294989399612, 0.006434575654566288], [0.0, 0.0], [9.733311890158802e-05, 0.0008048753952607512], [0.0, 0.0], [0.0, 0.0], [0.0, 0.0], [0.0001023468139464967, 0.0008463350823149085], [0.0, 0.0], [0.0, 0.0], [0.0013004251522943377, 0.010753587819635868], [0.0002851154131349176, 0.00235770083963871], [0.0005838324432261288, 0.004827877040952444], [0.0, 0.0], [0.0, 0.0], [0.0, 0.0], [0.00036635619471780956, 0.003029504092410207], [0.00035696980194188654, 0.0029518853407353163], [0.0, 0.0], [0.0, 0.0], [0.0, 0.0], [0.00017814789316616952, 0.0014731558039784431], [0.0007065137615427375, 0.005842364393174648], [0.001642165589146316, 0.0135795371606946], [0.0006188546540215611, 0.005117485765367746], [0.00038509670412167907, 0.0031844747718423605], [9.192401194013655e-05, 0.0007601459510624409], [0.0017975493101403117, 0.014864449389278889], [0.0005885294522158802, 0.00486671831458807], [0.0011996267130598426, 0.009920055978000164], [0.0005489939940162003, 0.004539788234978914]]
