2022-04-24 00:25:03,430 INFO Loading data from OMP_Private
2022-04-24 00:26:30,034 INFO OMP_Private: sequence length = 35572
2022-04-24 00:26:30,034 INFO Creating Model...
2022-04-24 00:26:30,610 INFO OMP_Private model summary:
2022-04-24 00:26:30,613 INFO None
2022-04-24 00:26:30,613 INFO OMP_Private: Traning Model
2022-04-24 00:28:45,871 INFO Loading data from OMP_Private
2022-04-24 00:30:13,703 INFO OMP_Private: sequence length = 35572
2022-04-24 00:30:13,704 INFO Creating Model...
2022-04-24 00:30:20,531 INFO OMP_Private model summary:
2022-04-24 00:30:20,533 INFO None
2022-04-24 00:30:20,533 INFO OMP_Private: Traning Model
2022-04-24 00:31:34,169 INFO Loading data from OMP_Private
2022-04-24 00:32:58,184 INFO OMP_Private: sequence length = 35572
2022-04-24 00:32:58,185 INFO Creating Model...
2022-04-24 00:33:05,697 INFO OMP_Private model summary:
2022-04-24 00:33:05,701 INFO None
2022-04-24 00:33:05,702 INFO OMP_Private: Traning Model
2022-04-24 00:58:30,465 INFO OMP_Private: Saved model to disk
2022-04-24 00:58:31,051 INFO OMP_Private: Loaded model from disk
2022-04-24 00:59:17,492 INFO Loading data from OMP_Private
2022-04-24 01:00:46,581 INFO OMP_Private: sequence length = 35572
2022-04-24 01:00:46,582 INFO Creating Model...
2022-04-24 01:00:53,673 INFO OMP_Private model summary:
2022-04-24 01:00:53,675 INFO None
2022-04-24 01:00:53,675 INFO OMP_Private: Traning Model
2022-04-24 01:28:27,251 INFO OMP_Private: Saved model to disk
2022-04-24 01:28:27,829 INFO OMP_Private: Loaded model from disk
2022-04-24 01:29:40,076 INFO Loading data from OMP_Private
2022-04-24 01:31:04,329 INFO OMP_Private: sequence length = 35572
2022-04-24 01:31:11,821 INFO OMP_Private: Loaded model from disk
2022-04-24 01:31:36,487 INFO Loading data from OMP_Private
2022-04-24 01:32:58,943 INFO OMP_Private: sequence length = 35572
2022-04-24 01:33:05,877 INFO OMP_Private: Loaded model from disk
2022-04-24 01:33:15,319 INFO OMP_Private: EVALUATE: [0.27467042207717896, 0.9211438298225403]
2022-04-24 01:33:15,320 INFO OMP_Private: LEN FILE NAMES: 5769
2022-04-24 01:33:17,950 INFO OMP_Private => Y_PRED: [[0. 1.]
 [0. 1.]
 [0. 1.]
 ...
 [0. 1.]
 [0. 1.]
 [0. 1.]]
2022-04-24 01:33:17,950 INFO OMP_Private: confusion matrix:
2022-04-24 01:33:17,952 INFO [[551  24]
 [ 67 512]]
2022-04-24 01:33:17,952 INFO OMP_Private: precision:
2022-04-24 01:33:17,954 INFO 0.9552238805970149
2022-04-24 01:33:17,955 INFO OMP_Private: recall:
2022-04-24 01:33:17,956 INFO 0.8842832469775475
2022-04-24 01:33:17,956 INFO OMP_Private: f1:
2022-04-24 01:33:17,958 INFO 0.9183856502242153
2022-04-24 01:33:17,963 INFO OMP_Private loaded model layers[5] output
2022-04-24 01:33:17,963 INFO KerasTensor(type_spec=TensorSpec(shape=(None, 1, 512), dtype=tf.float32, name=None), name='conv1d_2/Relu:0', description="created by layer 'conv1d_2'")
2022-04-24 01:33:18,354 INFO OMP_Private: y_pred: [[0.9985617  0.00143834]]
2022-04-24 01:33:18,354 INFO OMP_Private: predicted label: 0
2022-04-24 01:33:18,400 INFO OMP_Private: relu_fun (heatmap):
2022-04-24 01:33:18,400 INFO [[0.0, 0.0], [0.0, 0.0], [0.001413209829479456, 0.00028312994982115924], [0.0, 0.0], [0.0, 0.0], [0.0024067929480224848, 0.0004821897018700838], [0.0, 0.0], [0.0, 0.0], [0.0005121098947711289, 0.00010259881673846394], [0.0, 0.0], [0.0013721009017899632, 0.00027489397325553], [0.0, 0.0], [0.0, 0.0], [0.0017391648143529892, 0.0003484335320536047], [0.0012967706425115466, 0.00025980192003771663], [0.0015751546015962958, 0.00031557484180666506], [0.0, 0.0], [0.0, 0.0], [0.0, 0.0], [0.00042274597217328846, 8.469517342746258e-05], [0.0, 0.0], [0.0, 0.0], [0.00016248390602413565, 3.2552889024373144e-05], [0.001122822635807097, 0.00022495223674923182], [0.0, 0.0], [0.0, 0.0], [0.0, 0.0], [0.002075309632346034, 0.00041577854426577687], [0.0, 0.0], [0.0011559058912098408, 0.0002315803139936179], [0.0, 0.0], [0.0, 0.0], [8.673169941175729e-05, 1.737628917908296e-05], [0.0, 0.0], [0.0009795441292226315, 0.00019624707056209445], [0.0, 0.0], [0.0, 0.0], [0.0005273064016364515, 0.00010564336844254285], [0.0, 0.0], [0.0, 0.0], [0.0, 0.0], [0.0, 0.0], [0.0, 0.0], [0.0, 0.0], [0.0, 0.0], [0.0, 0.0], [0.0009538723388686776, 0.0001911038561956957], [0.0012651695869863033, 0.0002534707891754806], [0.0, 0.0], [0.0, 0.0], [0.0, 0.0], [0.0, 0.0], [0.0008473619818687439, 0.0001697650004643947], [0.0, 0.0], [0.00019932574650738388, 3.9933976950123906e-05], [0.0, 0.0], [0.0, 0.0], [0.0, 0.0], [0.0, 0.0], [0.0, 0.0], [0.0013877257006242871, 0.0002780243521556258], [0.0005816047196276486, 0.00011652178363874555], [0.0, 0.0], [0.0, 0.0], [1.620055968487577e-06, 3.245706068355503e-07], [0.0003431933291722089, 6.875717372167856e-05], [0.0, 0.0], [0.0, 0.0], [0.0, 0.0], [0.0, 0.0], [0.0009421015856787562, 0.00018874563102144748], [0.0, 0.0], [0.0, 0.0], [0.0, 0.0], [0.0, 0.0], [0.0015075416304171085, 0.00030202887137420475], [0.001825907500460744, 0.00036581201129592955], [0.0020371361169964075, 0.00040813066880218685], [0.0, 0.0], [0.0023803391959518194, 0.00047688980703242123], [0.0, 0.0], [0.0, 0.0], [0.0, 0.0], [0.0, 0.0], [0.0, 0.0], [0.0009958655573427677, 0.00019951698777731508], [0.0004957642522640526, 9.932404645951465e-05], [0.0, 0.0], [0.0, 0.0], [0.0, 0.0], [0.0, 0.0], [0.0006345320725813508, 0.00012712553143501282], [0.0, 0.0], [0.0010319268330931664, 0.0002067416935460642], [0.0, 0.0], [0.0011142250150442123, 0.0002232297556474805], [0.0019849601667374372, 0.00039767747512087226], [0.0, 0.0], [0.0, 0.0], [0.0, 0.0], [0.0008603721507824957, 0.00017237152496818453], [0.0, 0.0], [0.0, 0.0], [0.0, 0.0], [0.00010676758392946795, 2.1390384063124657e-05], [0.0, 0.0], [0.0, 0.0], [0.0009721589740365744, 0.00019476749002933502], [0.0, 0.0], [0.0005160580039955676, 0.00010338980064261705], [0.0, 0.0], [0.0, 0.0], [0.0, 0.0], [0.0, 0.0], [0.0, 0.0], [0.0, 0.0], [0.0, 0.0], [0.0, 0.0], [0.0, 0.0], [0.0, 0.0], [0.0, 0.0], [0.0, 0.0], [0.0, 0.0], [0.0003580078191589564, 7.172518962761387e-05], [0.0, 0.0], [0.0, 0.0], [0.0, 0.0], [0.0, 0.0], [0.0021361790131777525, 0.00042797342757694423], [0.0010099064093083143, 0.00020233001851011068], [0.0, 0.0], [0.0, 0.0], [0.0, 0.0], [0.0, 0.0], [0.0009119283058680594, 0.0001827005617087707], [0.0010990665759891272, 0.00022019282914698124], [0.0005431767203845084, 0.00010882291098823771], [0.0, 0.0], [0.0, 0.0], [0.0, 0.0], [0.0, 0.0], [0.0016260923584923148, 0.0003257799835409969], [0.0, 0.0], [0.0, 0.0], [0.0013847399968653917, 0.0002774261520244181], [0.0, 0.0], [0.0, 0.0], [0.0, 0.0], [0.0014135270612314343, 0.00028319351258687675], [0.0, 0.0], [0.0, 0.0], [0.0, 0.0], [0.0002573195088189095, 5.155276085133664e-05], [0.0018262978410348296, 0.00036589018418453634], [4.978161541657755e-06, 9.973513215300045e-07], [0.0, 0.0], [0.0, 0.0], [0.0, 0.0], [0.0, 0.0], [0.0, 0.0], [0.0, 0.0], [0.0, 0.0], [0.0, 0.0], [0.0014619642170146108, 0.00029289769008755684], [0.0, 0.0], [0.0, 0.0], [0.0004537294153124094, 9.090256207855418e-05], [0.0, 0.0], [0.0009982864139601588, 0.00020000200311187655], [0.0, 0.0], [0.0, 0.0], [0.0, 0.0], [1.5605053704348393e-05, 3.1263991786545375e-06], [0.0, 0.0], [0.0, 0.0], [0.0, 0.0], [0.0, 0.0], [0.0008240457973442972, 0.0001650937192607671], [0.0, 0.0], [0.0, 0.0], [0.0, 0.0], [0.0014650863595306873, 0.00029352318961173296], [2.9806129532516934e-05, 5.97151802139706e-06], [0.00030088573112152517, 6.0281043261056766e-05], [0.0, 0.0], [0.0013457053573802114, 0.00026960574905388057], [0.0004761784221045673, 9.540011524222791e-05], [0.0, 0.0], [0.0013499816413968801, 0.00027046247851103544], [0.0, 0.0], [0.0, 0.0], [0.00016848942323122174, 3.3756066841306165e-05], [0.0022622535470873117, 0.00045323188533075154], [0.0, 0.0], [0.0023775091394782066, 0.0004763227771036327], [0.00015124132914934307, 3.030049083463382e-05], [0.0005983286537230015, 0.00011987234029220417], [0.00013122301606927067, 2.6289915695087984e-05], [0.0021282758098095655, 0.0004263900627847761], [0.0016667804447934031, 0.000333931646309793], [0.0, 0.0], [0.0, 0.0], [0.0, 0.0], [0.0013765274779871106, 0.0002757808251772076], [0.0011862261453643441, 0.0002376548363827169], [0.0005697031156159937, 0.00011413734318921342], [0.0, 0.0], [0.0, 0.0], [0.0, 0.0], [0.0, 0.0], [0.0010362898465245962, 0.0002076158270938322], [0.0, 0.0], [0.0015818875981494784, 0.00031692374614067376], [0.0, 0.0], [0.0, 0.0], [3.428416675888002e-05, 6.868672244308982e-06], [0.0, 0.0], [0.0020175797399133444, 0.00040421265293844044], [0.0, 0.0], [0.0006684688269160688, 0.0001339245936833322], [0.0009559310274198651, 0.0001915163011290133], [0.0, 0.0], [0.0017569117480888963, 0.00035198903060518205], [0.0003943159244954586, 7.899934280430898e-05], [0.0016371418023481965, 0.000327993679093197], [0.0, 0.0], [0.0017494274070486426, 0.0003504895721562207], [0.0, 0.0], [0.0, 0.0], [0.0, 0.0], [0.0, 0.0], [0.0010564723052084446, 0.00021165928046684712], [0.0, 0.0], [0.0, 0.0], [0.0, 0.0], [0.0008088515023700893, 0.00016204960411414504], [0.0, 0.0], [0.000733334047254175, 0.00014692003605887294], [0.0, 0.0], [0.0, 0.0], [0.0, 0.0], [0.0, 0.0], [0.0, 0.0], [0.0, 0.0], [0.0024575928691774607, 0.0004923671949654818], [0.0014809973072260618, 0.0002967108739539981], [0.0, 0.0], [0.0011449718149378896, 0.00022938972688280046], [0.00014143211592454463, 2.8335260140011087e-05], [0.0, 0.0], [0.0, 0.0], [0.0, 0.0], [0.0, 0.0], [0.00102242233697325, 0.00020483751723077148], [0.0, 0.0], [0.0, 0.0], [0.00019377860007807612, 3.88226326322183e-05], [0.0, 0.0], [0.0, 0.0], [0.0005860569071955979, 0.0001174137505586259], [0.0022444308269768953, 0.00044966122368350625], [0.0, 0.0], [0.0002561361179687083, 5.131566649652086e-05], [0.000674211943987757, 0.00013507519906852394], [0.00013554829638451338, 2.71564658760326e-05], [0.0, 0.0], [0.0, 0.0], [0.0, 0.0], [9.504713671049103e-05, 1.9042248823097907e-05], [0.0, 0.0], [0.0, 0.0], [0.0, 0.0], [0.0002479880931787193, 4.9683250836096704e-05], [0.0013844617642462254, 0.00027737041818909347], [0.0007805226487107575, 0.00015637405158486217], [0.0, 0.0], [0.0017548572504892945, 0.00035157741513103247], [0.0016548311104997993, 0.00033153765252791345], [0.0, 0.0], [0.0010752385715022683, 0.00021541901514865458], [0.0, 0.0], [0.0, 0.0], [0.0, 0.0], [0.0011438060319051147, 0.0002291561831953004], [0.0011696506990119815, 0.00023433401656802744], [0.0, 0.0], [0.0, 0.0], [0.0, 0.0], [0.0010683720465749502, 0.0002140433352906257], [0.0, 0.0], [0.0, 0.0], [0.0, 0.0], [0.0016487890388816595, 0.000330327166011557], [0.0007169760065153241, 0.0001436427846783772], [0.0, 0.0], [0.001558286021463573, 0.0003121952759101987], [0.000589807634241879, 0.00011816519690910354], [0.0, 0.0], [0.0015812572091817856, 0.000316797464620322], [0.0, 0.0], [0.0, 0.0], [0.0, 0.0], [0.0, 0.0], [0.0, 0.0], [0.0, 0.0], [0.0, 0.0], [0.0, 0.0], [0.0, 0.0], [0.0, 0.0], [0.0009125545038841665, 0.00018282601376995444], [0.0, 0.0], [0.0006431788206100464, 0.00012885786418337375], [0.0, 0.0], [0.0, 0.0], [0.0, 0.0], [0.0015386887826025486, 0.00030826908187009394], [0.0016144802793860435, 0.00032345353974960744], [0.0, 0.0], [0.0, 0.0], [0.0018922764575108886, 0.00037910870742052794], [0.0, 0.0], [0.0001791469258023426, 3.589124389691278e-05], [0.0015365972649306059, 0.0003078500449191779], [0.0005566391628235579, 0.00011152005026815459], [0.0, 0.0], [0.0, 0.0], [0.0, 0.0], [0.0, 0.0], [0.0, 0.0], [0.0, 0.0], [0.0011304826475679874, 0.00022648691083304584], [3.5932407627115026e-05, 7.198889306891942e-06], [0.0, 0.0], [0.0, 0.0], [0.0, 0.0], [0.0, 0.0], [0.001219137106090784, 0.0002442483964841813], [0.00048046073061414063, 9.625805250834674e-05], [0.0002467217855155468, 4.9429552746005356e-05], [0.0, 0.0], [0.0013055299641564488, 0.0002615567937027663], [9.82070851023309e-05, 1.9675328076118603e-05], [4.923904634779319e-05, 9.864811545412522e-06], [0.00027672192663885653, 5.543994120671414e-05], [0.0, 0.0], [0.0, 0.0], [0.0, 0.0], [0.0, 0.0], [0.0, 0.0], [0.0, 0.0], [0.0011005077976733446, 0.0002204815682489425], [0.0008163649472407997, 0.00016355488332919776], [0.0, 0.0], [0.0, 0.0], [0.0, 0.0], [0.0, 0.0], [0.0, 0.0], [0.0, 0.0], [0.0, 0.0], [0.0013250854099169374, 0.0002654746640473604], [0.0, 0.0], [0.0, 0.0], [0.0, 0.0], [0.001268106047064066, 0.000254059094004333], [0.0007478930638171732, 0.00014983686560299248], [0.0, 0.0], [0.0001398206950398162, 2.8012420443701558e-05], [0.0, 0.0], [0.001133649260737002, 0.00022712131612934172], [0.0, 0.0], [0.00039294519228860736, 7.872472633607686e-05], [0.0, 0.0], [0.0018407221650704741, 0.0003687800490297377], [0.0, 0.0], [0.0, 0.0], [0.0, 0.0], [0.0, 0.0], [7.412562990793958e-05, 1.4850721527182031e-05], [0.00064408517209813, 0.0001290394429815933], [0.00018136999278794974, 3.6336627090349793e-05], [0.0, 0.0], [0.0, 0.0], [0.002211478538811207, 0.00044305933988653123], [0.0, 0.0], [0.0, 0.0], [0.0, 0.0], [0.0014195282710716128, 0.0002843958209268749], [0.0, 0.0], [0.0005979390698485076, 0.00011979429109487683], [0.0, 0.0], [0.00015719606017228216, 3.149349504383281e-05], [0.0, 0.0], [0.0005113519728183746, 0.00010244696750305593], [0.00020642022718675435, 4.135532435611822e-05], [0.0, 0.0], [0.0, 0.0], [0.0, 0.0], [0.001469318987801671, 0.0002943711879197508], [0.0, 0.0], [0.00011943044955842197, 2.3927330403239466e-05], [0.0, 0.0], [0.001005271216854453, 0.00020140138803981245], [0.0014622356975451112, 0.00029295205604285], [0.0, 0.0], [0.0, 0.0], [0.0, 0.0], [0.0011164025636389852, 0.00022366602206602693], [0.0002079194237012416, 4.165568316238932e-05], [0.0, 0.0], [0.0011601138394325972, 0.00023242337920237333], [0.0011359419440850616, 0.0002275806327816099], [0.0, 0.0], [0.0009797917446121573, 0.00019629669259302318], [0.0, 0.0], [0.0, 0.0], [0.0015906717162579298, 0.000318683625664562], [0.0, 0.0], [0.0, 0.0], [0.0, 0.0], [0.0, 0.0], [0.0014983313158154488, 0.0003001836594194174], [0.0013171101454645395, 0.0002638768346514553], [0.0, 0.0], [0.0, 0.0], [0.0, 0.0], [0.0, 0.0], [0.0, 0.0], [0.0, 0.0], [0.0012365930015221238, 0.0002477456000633538], [0.0, 0.0], [0.0004430475819390267, 8.876250649336725e-05], [0.0, 0.0], [0.0, 0.0], [0.0, 0.0], [0.0, 0.0], [0.0014787487452849746, 0.0002962603757623583], [0.0, 0.0], [0.0, 0.0], [0.0010533982422202826, 0.00021104338520672172], [0.0, 0.0], [0.002076933393254876, 0.00041610386688262224], [0.0, 0.0], [0.0, 0.0], [0.0, 0.0], [0.0, 0.0], [0.0005889562307856977, 0.00011799461208283901], [0.0007001843769103289, 0.00014027865836396813], [0.0, 0.0], [0.0008403004030697048, 0.0001683502341620624], [1.9163415345246904e-05, 3.83930046155001e-06], [0.0, 0.0], [0.0, 0.0], [0.0, 0.0], [0.0010381577303633094, 0.00020799002959392965], [0.0009880251018330455, 0.00019794619583990425], [0.0, 0.0], [0.0016443938948214054, 0.00032944660051725805], [0.0011035386705771089, 0.00022108879056759179], [0.0, 0.0], [0.0, 0.0], [0.0, 0.0], [0.0, 0.0], [0.0, 0.0], [0.0, 0.0], [0.0, 0.0], [0.0, 0.0], [0.0, 0.0], [0.0004011754353996366, 8.037361840251833e-05], [0.0009770863689482212, 0.00019575466285459697], [0.0, 0.0], [0.0003592564316932112, 7.19753370503895e-05], [0.0, 0.0], [0.0016806856729090214, 0.000336717494064942], [0.0006480131414718926, 0.00012982638145331293], [0.0, 0.0], [0.0, 0.0], [0.0002905958390329033, 5.821951344842091e-05], [0.00014220904267858714, 2.8490914701251313e-05], [0.0, 0.0], [0.002080037957057357, 0.00041672587394714355], [0.0, 0.0], [0.0006993350107222795, 0.0001401084882672876], [0.0, 0.0], [0.0, 0.0], [0.0, 0.0], [0.0, 0.0], [0.0006805934244766831, 0.0001363537012366578], [0.0, 0.0], [0.0, 0.0], [0.0, 0.0], [0.0007621949771419168, 0.00015270219591911882], [0.0, 0.0], [0.0, 0.0], [0.0, 0.0], [0.0, 0.0], [0.0, 0.0], [0.0, 0.0], [0.0007552910246886313, 0.0001513190072728321], [0.0, 0.0], [0.0, 0.0]]
