2022-04-24 12:44:22,942 INFO POSIX: Loading data
2022-04-24 12:44:28,977 INFO POSIX: sequence length = 1482
2022-04-24 12:44:28,977 INFO POSIX: Creating Model
2022-04-24 12:44:39,895 INFO POSIX model summary:
2022-04-24 12:44:39,897 INFO None
2022-04-24 12:44:39,897 INFO POSIX: Traning Model
2022-04-24 12:56:57,185 INFO POSIX: Saved model to disk
2022-04-24 12:56:57,309 INFO POSIX: Loaded model from disk
2022-04-24 12:56:59,213 INFO POSIX: EVALUATE: [0.7352685928344727, 0.49466192722320557]
2022-04-24 12:56:59,213 INFO POSIX: LEN FILE NAMES: 8429
2022-04-24 12:56:59,770 INFO POSIX => Y_PRED: [[0.3765975  0.62340254]
 [0.38743538 0.6125646 ]
 [0.53762835 0.46237162]
 [0.5578792  0.44212076]
 [0.44652593 0.55347407]
 [0.42671752 0.5732825 ]
 [0.46779147 0.5322085 ]
 [0.3126934  0.6873066 ]
 [0.29101235 0.7089876 ]
 [0.30194896 0.69805104]
 [0.50862676 0.4913732 ]
 [0.5726288  0.4273712 ]
 [0.6621729  0.33782703]
 [0.41117927 0.58882076]
 [0.6144245  0.3855754 ]
 [0.5237932  0.47620678]
 [0.48144025 0.51855975]
 [0.5224039  0.47759607]]
2022-04-24 12:56:59,771 INFO POSIX: confusion matrix:
2022-04-24 16:26:51,530 INFO POSIX: Loading data
2022-04-24 16:26:57,338 INFO POSIX: sequence length = 1482
2022-04-24 16:27:09,065 INFO POSIX: Loaded model from disk
2022-04-24 16:27:17,880 INFO POSIX: EVALUATE: [0.6326856017112732, 0.6642941832542419]
2022-04-24 16:27:17,881 INFO POSIX: LEN FILE NAMES: 8429
2022-04-24 16:27:18,793 INFO POSIX => Y_PRED: [[0. 1.]
 [0. 1.]
 [1. 0.]
 ...
 [1. 0.]
 [0. 1.]
 [1. 0.]]
2022-04-24 16:27:18,793 INFO POSIX: precision:
2022-04-24 16:27:18,796 INFO 0.7212837837837838
2022-04-24 16:27:18,796 INFO POSIX: recall:
2022-04-24 16:27:18,798 INFO 0.5157004830917874
2022-04-24 16:27:18,799 INFO POSIX: confusion matrix:
2022-04-24 16:27:18,799 INFO [[693 165]
 [401 427]]
2022-04-24 16:27:18,802 INFO POSIX loaded model layers[5] output
2022-04-24 16:27:18,802 INFO KerasTensor(type_spec=TensorSpec(shape=(None, 1, 512), dtype=tf.float32, name=None), name='max_pooling1d/Squeeze:0', description="created by layer 'max_pooling1d'")
2022-04-24 16:27:18,893 INFO POSIX: y_pred: [[0.67325854 0.32674146]]
2022-04-24 16:27:18,894 INFO POSIX: predicted label: 0
2022-04-24 16:27:18,933 INFO POSIX: shape1: (512, 1482)
2022-04-24 16:27:18,933 INFO POSIX: shape2: (512, 1482)
2022-04-24 16:27:18,933 INFO POSIX: shape3: (512, 1482)
2022-04-24 16:47:03,515 INFO POSIX: Loading data
2022-04-24 16:47:09,414 INFO POSIX: sequence length = 1482
2022-04-24 16:47:09,414 INFO POSIX: Creating Model
2022-04-24 16:47:20,632 INFO POSIX model summary:
2022-04-24 16:47:20,634 INFO None
2022-04-24 16:47:20,634 INFO POSIX: Traning Model
2022-04-24 16:59:35,986 INFO POSIX: Saved model to disk
2022-04-24 16:59:36,108 INFO POSIX: Loaded model from disk
2022-04-24 16:59:37,726 INFO POSIX: EVALUATE: [0.7237862348556519, 0.49822065234184265]
2022-04-24 16:59:37,727 INFO POSIX: LEN FILE NAMES: 8429
2022-04-24 16:59:38,769 INFO POSIX => Y_PRED: [[0. 1.]
 [0. 1.]
 [1. 0.]
 ...
 [0. 1.]
 [0. 1.]
 [0. 1.]]
2022-04-24 16:59:38,769 INFO POSIX: precision:
2022-04-24 16:59:38,772 INFO 0.4928774928774929
2022-04-24 16:59:38,772 INFO POSIX: recall:
2022-04-24 16:59:38,774 INFO 0.6245487364620939
2022-04-24 16:59:38,776 INFO POSIX: confusion matrix:
2022-04-24 16:59:38,776 INFO [[321 534]
 [312 519]]
2022-04-24 16:59:38,779 INFO POSIX loaded model layers[5] output
2022-04-24 16:59:38,780 INFO KerasTensor(type_spec=TensorSpec(shape=(None, 1, 512), dtype=tf.float32, name=None), name='max_pooling1d/Squeeze:0', description="created by layer 'max_pooling1d'")
2022-04-24 16:59:38,859 INFO POSIX: y_pred: [[0.525067   0.47493303]]
2022-04-24 16:59:38,860 INFO POSIX: predicted label: 0
2022-04-24 16:59:38,907 INFO POSIX: shape1: (512, 1482)
2022-04-24 16:59:38,908 INFO POSIX: shape2: (512, 1482)
2022-04-24 16:59:38,908 INFO POSIX: shape3: (512, 1482)
